#
# There is insufficient memory for the Java Runtime Environment to continue.
# Native memory allocation (mmap) failed to map 327155712 bytes. Error detail: G1 virtual space
# Possible reasons:
#   The system is out of physical RAM or swap space
#   This process is running with CompressedOops enabled, and the Java Heap may be blocking the growth of the native heap
# Possible solutions:
#   Reduce memory load on the system
#   Increase physical memory or swap space
#   Check if swap backing store is full
#   Decrease Java heap size (-Xmx/-Xms)
#   Decrease number of Java threads
#   Decrease Java thread stack sizes (-Xss)
#   Set larger code cache with -XX:ReservedCodeCacheSize=
#   JVM is running with Unscaled Compressed Oops mode in which the Java heap is
#     placed in the first 4GB address space. The Java Heap base address is the
#     maximum limit for the native heap growth. Please use -XX:HeapBaseMinAddress
#     to set the Java Heap base and to place the Java Heap above 4GB virtual address.
# This output file may be truncated or incomplete.
#
#  Out of Memory Error (os_windows.cpp:3679), pid=14388, tid=14436
#
# JRE version: OpenJDK Runtime Environment Microsoft-10376486 (17.0.13+11) (build 17.0.13+11-LTS)
# Java VM: OpenJDK 64-Bit Server VM Microsoft-10376486 (17.0.13+11-LTS, mixed mode, sharing, tiered, compressed oops, compressed class ptrs, g1 gc, windows-amd64)
# No core dump will be written. Minidumps are not enabled by default on client versions of Windows
#

---------------  S U M M A R Y ------------

Command Line: -XX:MaxMetaspaceSize=512m --add-opens=java.base/java.util=ALL-UNNAMED --add-opens=java.base/java.lang=ALL-UNNAMED --add-opens=java.base/java.lang.invoke=ALL-UNNAMED --add-opens=java.prefs/java.util.prefs=ALL-UNNAMED --add-exports=jdk.compiler/com.sun.tools.javac.api=ALL-UNNAMED --add-exports=jdk.compiler/com.sun.tools.javac.util=ALL-UNNAMED --add-opens=java.base/java.nio.charset=ALL-UNNAMED --add-opens=java.base/java.net=ALL-UNNAMED --add-opens=java.base/java.util.concurrent.atomic=ALL-UNNAMED -Xmx2048m -Dfile.encoding=windows-1252 -Duser.country=US -Duser.language=en -Duser.variant -javaagent:C:\Users\dell\.gradle\wrapper\dists\gradle-8.10.2-all\7iv73wktx1xtkvlq19urqw1wm\gradle-8.10.2\lib\agents\gradle-instrumentation-agent-8.10.2.jar org.gradle.launcher.daemon.bootstrap.GradleDaemon 8.10.2

Host: Intel(R) Core(TM) i3-1005G1 CPU @ 1.20GHz, 4 cores, 3G,  Windows 11 , 64 bit Build 26100 (10.0.26100.3037)
Time: Sat Feb  8 01:13:44 2025 India Standard Time elapsed time: 759.224734 seconds (0d 0h 12m 39s)

---------------  T H R E A D  ---------------

Current thread (0x000001b0f9de8cc0):  VMThread "VM Thread" [stack: 0x00000070df400000,0x00000070df500000] [id=14436]

Stack: [0x00000070df400000,0x00000070df500000]
Native frames: (J=compiled Java code, j=interpreted, Vv=VM code, C=native code)
V  [jvm.dll+0x687fc9]
V  [jvm.dll+0x83eeb8]
V  [jvm.dll+0x840963]
V  [jvm.dll+0x840fd3]
V  [jvm.dll+0x24951f]
V  [jvm.dll+0x684f89]
V  [jvm.dll+0x6794aa]
V  [jvm.dll+0x30ad27]
V  [jvm.dll+0x312296]
V  [jvm.dll+0x362bde]
V  [jvm.dll+0x362e1d]
V  [jvm.dll+0x2e1fbc]
V  [jvm.dll+0x2e0369]
V  [jvm.dll+0x2dfacc]
V  [jvm.dll+0x32267b]
V  [jvm.dll+0x84580d]
V  [jvm.dll+0x846543]
V  [jvm.dll+0x846a6f]
V  [jvm.dll+0x846e54]
V  [jvm.dll+0x846f1e]
V  [jvm.dll+0x7eea6c]
V  [jvm.dll+0x686ea7]
C  [ucrtbase.dll+0x37b0]
C  [KERNEL32.DLL+0x2e8d7]
C  [ntdll.dll+0xbbf2c]

VM_Operation (0x00000070e11fe590): G1CollectForAllocation, mode: safepoint, requested by thread 0x000001b09bb5aee0


---------------  P R O C E S S  ---------------

Threads class SMR info:
_java_thread_list=0x000001b09ca1bf30, length=53, elements={
0x000001b0dc235d10, 0x000001b0f9df0820, 0x000001b0f9df1e60, 0x000001b0f9e0d2f0,
0x000001b0f9e0dcc0, 0x000001b0f9e106a0, 0x000001b0f9e10f70, 0x000001b0f9e1de60,
0x000001b0f9e212f0, 0x000001b0f9e4cf20, 0x000001b0f9ddb270, 0x000001b0fe151760,
0x000001b0fe67b440, 0x000001b0fe9cfb70, 0x000001b0fe8a55b0, 0x000001b0ff05dc60,
0x000001b0ff05e140, 0x000001b0fe9cd150, 0x000001b0fe9ccc40, 0x000001b0fe9cd660,
0x000001b0fe9cdb70, 0x000001b0fe9ce080, 0x000001b0fe9cc730, 0x000001b09bb5c830,
0x000001b09bb5aee0, 0x000001b09bb5b3f0, 0x000001b09bb5be10, 0x000001b09bb59080,
0x000001b09bb59590, 0x000001b09bb5c320, 0x000001b09bb5cd40, 0x000001b09bb59aa0,
0x000001b09bb5d250, 0x000001b09bb59fb0, 0x000001b09bb5b900, 0x000001b09bb5a9d0,
0x000001b09bb604f0, 0x000001b09bb5e690, 0x000001b09bb5eba0, 0x000001b09bb60a00,
0x000001b09bb5f0b0, 0x000001b09bb5a4c0, 0x000001b09bb5fad0, 0x000001b09bb5ffe0,
0x000001b0ff78f0a0, 0x000001b0ff792d60, 0x000001b0ff78f5b0, 0x000001b0ff793270,
0x000001b0ff792850, 0x000001b0ff78fac0, 0x000001b0ff793780, 0x000001b0ff791e30,
0x000001b0ff792340
}

Java Threads: ( => current thread )
  0x000001b0dc235d10 JavaThread "main" [_thread_blocked, id=11996, stack(0x00000070dee00000,0x00000070def00000)]
  0x000001b0f9df0820 JavaThread "Reference Handler" daemon [_thread_blocked, id=14744, stack(0x00000070df500000,0x00000070df600000)]
  0x000001b0f9df1e60 JavaThread "Finalizer" daemon [_thread_blocked, id=8236, stack(0x00000070df600000,0x00000070df700000)]
  0x000001b0f9e0d2f0 JavaThread "Signal Dispatcher" daemon [_thread_blocked, id=14776, stack(0x00000070df700000,0x00000070df800000)]
  0x000001b0f9e0dcc0 JavaThread "Attach Listener" daemon [_thread_blocked, id=4032, stack(0x00000070df800000,0x00000070df900000)]
  0x000001b0f9e106a0 JavaThread "Service Thread" daemon [_thread_blocked, id=14180, stack(0x00000070df900000,0x00000070dfa00000)]
  0x000001b0f9e10f70 JavaThread "Monitor Deflation Thread" daemon [_thread_blocked, id=3468, stack(0x00000070dfa00000,0x00000070dfb00000)]
  0x000001b0f9e1de60 JavaThread "C2 CompilerThread0" daemon [_thread_blocked, id=5572, stack(0x00000070dfb00000,0x00000070dfc00000)]
  0x000001b0f9e212f0 JavaThread "C1 CompilerThread0" daemon [_thread_blocked, id=6924, stack(0x00000070dfc00000,0x00000070dfd00000)]
  0x000001b0f9e4cf20 JavaThread "Sweeper thread" daemon [_thread_blocked, id=3796, stack(0x00000070dfd00000,0x00000070dfe00000)]
  0x000001b0f9ddb270 JavaThread "Common-Cleaner" daemon [_thread_blocked, id=3380, stack(0x00000070dfe00000,0x00000070dff00000)]
  0x000001b0fe151760 JavaThread "Notification Thread" daemon [_thread_blocked, id=14224, stack(0x00000070dff00000,0x00000070e0000000)]
  0x000001b0fe67b440 JavaThread "Daemon health stats" [_thread_blocked, id=11680, stack(0x00000070e0200000,0x00000070e0300000)]
  0x000001b0fe9cfb70 JavaThread "Incoming local TCP Connector on port 50254" [_thread_in_native, id=3872, stack(0x00000070e0300000,0x00000070e0400000)]
  0x000001b0fe8a55b0 JavaThread "Daemon periodic checks" [_thread_blocked, id=1628, stack(0x00000070e0400000,0x00000070e0500000)]
  0x000001b0ff05dc60 JavaThread "Daemon" [_thread_blocked, id=10176, stack(0x00000070e0600000,0x00000070e0700000)]
  0x000001b0ff05e140 JavaThread "Handler for socket connection from /127.0.0.1:50254 to /127.0.0.1:50265" [_thread_in_native, id=14736, stack(0x00000070e0700000,0x00000070e0800000)]
  0x000001b0fe9cd150 JavaThread "Cancel handler" [_thread_blocked, id=11488, stack(0x00000070e0a00000,0x00000070e0b00000)]
  0x000001b0fe9ccc40 JavaThread "Daemon worker" [_thread_blocked, id=12828, stack(0x00000070e0b00000,0x00000070e0c00000)]
  0x000001b0fe9cd660 JavaThread "Asynchronous log dispatcher for DefaultDaemonConnection: socket connection from /127.0.0.1:50254 to /127.0.0.1:50265" [_thread_blocked, id=4540, stack(0x00000070e0c00000,0x00000070e0d00000)]
  0x000001b0fe9cdb70 JavaThread "Stdin handler" [_thread_blocked, id=14512, stack(0x00000070e0d00000,0x00000070e0e00000)]
  0x000001b0fe9ce080 JavaThread "Daemon client event forwarder" [_thread_blocked, id=7648, stack(0x00000070e0e00000,0x00000070e0f00000)]
  0x000001b0fe9cc730 JavaThread "Cache worker for journal cache (C:\Users\dell\.gradle\caches\journal-1)" [_thread_blocked, id=3868, stack(0x00000070e0f00000,0x00000070e1000000)]
  0x000001b09bb5c830 JavaThread "File lock request listener" [_thread_in_native, id=11684, stack(0x00000070e1000000,0x00000070e1100000)]
  0x000001b09bb5aee0 JavaThread "Cache worker for file hash cache (C:\Users\dell\.gradle\caches\8.10.2\fileHashes)" [_thread_blocked, id=5552, stack(0x00000070e1100000,0x00000070e1200000)]
  0x000001b09bb5b3f0 JavaThread "Cache worker for file hash cache (F:\App\GitHub Explorer App\android\.gradle\8.10.2\fileHashes)" [_thread_blocked, id=14976, stack(0x00000070ded00000,0x00000070dee00000)]
  0x000001b09bb5be10 JavaThread "Cache worker for Build Output Cleanup Cache (F:\App\GitHub Explorer App\android\.gradle\buildOutputCleanup)" [_thread_blocked, id=15184, stack(0x00000070e0500000,0x00000070e0600000)]
  0x000001b09bb59080 JavaThread "File watcher server" daemon [_thread_blocked, id=12752, stack(0x00000070e1300000,0x00000070e1400000)]
  0x000001b09bb59590 JavaThread "File watcher consumer" daemon [_thread_blocked, id=12660, stack(0x00000070e1400000,0x00000070e1500000)]
  0x000001b09bb5c320 JavaThread "Cache worker for checksums cache (F:\App\GitHub Explorer App\android\.gradle\8.10.2\checksums)" [_thread_blocked, id=7020, stack(0x00000070e1500000,0x00000070e1600000)]
  0x000001b09bb5cd40 JavaThread "Cache worker for file content cache (C:\Users\dell\.gradle\caches\8.10.2\fileContent)" [_thread_blocked, id=14528, stack(0x00000070e1600000,0x00000070e1700000)]
  0x000001b09bb59aa0 JavaThread "Cache worker for cache directory md-rule (C:\Users\dell\.gradle\caches\8.10.2\md-rule)" [_thread_blocked, id=1784, stack(0x00000070e1700000,0x00000070e1800000)]
  0x000001b09bb5d250 JavaThread "Cache worker for cache directory md-supplier (C:\Users\dell\.gradle\caches\8.10.2\md-supplier)" [_thread_blocked, id=7492, stack(0x00000070e1800000,0x00000070e1900000)]
  0x000001b09bb59fb0 JavaThread "jar transforms" [_thread_blocked, id=13240, stack(0x00000070e1900000,0x00000070e1a00000)]
  0x000001b09bb5b900 JavaThread "Cache worker for Build Output Cleanup Cache (F:\App\GitHub Explorer App\node_modules\@react-native\gradle-plugin\.gradle\buildOutputCleanup)" [_thread_blocked, id=14448, stack(0x00000070e1a00000,0x00000070e1b00000)]
  0x000001b09bb5a9d0 JavaThread "Unconstrained build operations" [_thread_blocked, id=5248, stack(0x00000070e1200000,0x00000070e1300000)]
  0x000001b09bb604f0 JavaThread "Unconstrained build operations Thread 2" [_thread_blocked, id=728, stack(0x00000070e1b00000,0x00000070e1c00000)]
  0x000001b09bb5e690 JavaThread "Unconstrained build operations Thread 3" [_thread_blocked, id=8716, stack(0x00000070e0900000,0x00000070e0a00000)]
  0x000001b09bb5eba0 JavaThread "Unconstrained build operations Thread 4" [_thread_blocked, id=8424, stack(0x00000070e1c00000,0x00000070e1d00000)]
  0x000001b09bb60a00 JavaThread "Unconstrained build operations Thread 5" [_thread_blocked, id=15508, stack(0x00000070e1d00000,0x00000070e1e00000)]
  0x000001b09bb5f0b0 JavaThread "Unconstrained build operations Thread 6" [_thread_blocked, id=15980, stack(0x00000070e1e00000,0x00000070e1f00000)]
  0x000001b09bb5a4c0 JavaThread "File lock release action executor Thread 3" [_thread_blocked, id=10496, stack(0x00000070e0800000,0x00000070e0900000)]
  0x000001b09bb5fad0 JavaThread "Unconstrained build operations Thread 7" [_thread_blocked, id=15500, stack(0x00000070e1f00000,0x00000070e2000000)]
  0x000001b09bb5ffe0 JavaThread "Unconstrained build operations Thread 8" [_thread_blocked, id=15984, stack(0x00000070e2000000,0x00000070e2100000)]
  0x000001b0ff78f0a0 JavaThread "Unconstrained build operations Thread 9" [_thread_blocked, id=9728, stack(0x00000070e2100000,0x00000070e2200000)]
  0x000001b0ff792d60 JavaThread "Unconstrained build operations Thread 10" [_thread_blocked, id=2040, stack(0x00000070e2200000,0x00000070e2300000)]
  0x000001b0ff78f5b0 JavaThread "Unconstrained build operations Thread 11" [_thread_blocked, id=7272, stack(0x00000070e2300000,0x00000070e2400000)]
  0x000001b0ff793270 JavaThread "Unconstrained build operations Thread 12" [_thread_blocked, id=3364, stack(0x00000070e2400000,0x00000070e2500000)]
  0x000001b0ff792850 JavaThread "Unconstrained build operations Thread 13" [_thread_blocked, id=14300, stack(0x00000070e2500000,0x00000070e2600000)]
  0x000001b0ff78fac0 JavaThread "Unconstrained build operations Thread 14" [_thread_blocked, id=5492, stack(0x00000070e2600000,0x00000070e2700000)]
  0x000001b0ff793780 JavaThread "Unconstrained build operations Thread 15" [_thread_blocked, id=12040, stack(0x00000070e2700000,0x00000070e2800000)]
  0x000001b0ff791e30 JavaThread "Memory manager" [_thread_blocked, id=15804, stack(0x00000070e2800000,0x00000070e2900000)]
  0x000001b0ff792340 JavaThread "build event listener" [_thread_blocked, id=15824, stack(0x00000070e2a00000,0x00000070e2b00000)]

Other Threads:
=>0x000001b0f9de8cc0 VMThread "VM Thread" [stack: 0x00000070df400000,0x00000070df500000] [id=14436]
  0x000001b0dc236aa0 WatcherThread [stack: 0x00000070e0000000,0x00000070e0100000] [id=10672]
  0x000001b0da00e870 GCTaskThread "GC Thread#0" [stack: 0x00000070def00000,0x00000070df000000] [id=13192]
  0x000001b0f9e5e4b0 GCTaskThread "GC Thread#1" [stack: 0x00000070deb00000,0x00000070dec00000] [id=6396]
  0x000001b0f9e5efb0 GCTaskThread "GC Thread#2" [stack: 0x00000070e0100000,0x00000070e0200000] [id=3648]
  0x000001b0f9e5ea30 GCTaskThread "GC Thread#3" [stack: 0x00000070dec00000,0x00000070ded00000] [id=9436]
  0x000001b0dc2a2ab0 ConcurrentGCThread "G1 Main Marker" [stack: 0x00000070df000000,0x00000070df100000] [id=14496]
  0x000001b0dc2a3d50 ConcurrentGCThread "G1 Conc#0" [stack: 0x00000070df100000,0x00000070df200000] [id=14800]
  0x000001b0dc2d36e0 ConcurrentGCThread "G1 Refine#0" [stack: 0x00000070df200000,0x00000070df300000] [id=15148]
  0x000001b0f9cb00a0 ConcurrentGCThread "G1 Service" [stack: 0x00000070df300000,0x00000070df400000] [id=14064]

Threads with active compile tasks:

VM state: at safepoint (normal execution)

VM Mutex/Monitor currently owned by a thread:  ([mutex/lock_event])
[0x000001b0d9fe5170] Threads_lock - owner thread: 0x000001b0f9de8cc0
[0x000001b0dc234750] Heap_lock - owner thread: 0x000001b09bb5aee0

Heap address: 0x0000000080000000, size: 2048 MB, Compressed Oops mode: 32-bit

CDS archive(s) mapped at: [0x000001b080000000-0x000001b080bb0000-0x000001b080bb0000), size 12255232, SharedBaseAddress: 0x000001b080000000, ArchiveRelocationMode: 1.
Compressed class space mapped at: 0x000001b081000000-0x000001b09b000000, reserved size: 436207616
Narrow klass base: 0x000001b080000000, Narrow klass shift: 0, Narrow klass range: 0x100000000

GC Precious Log:
 CPUs: 4 total, 4 available
 Memory: 3863M
 Large Page Support: Disabled
 NUMA Support: Disabled
 Compressed Oops: Enabled (32-bit)
 Heap Region Size: 1M
 Heap Min Capacity: 8M
 Heap Initial Capacity: 62M
 Heap Max Capacity: 2G
 Pre-touch: Disabled
 Parallel Workers: 4
 Concurrent Workers: 1
 Concurrent Refinement Workers: 4
 Periodic GC: Disabled

Heap:
 garbage-first heap   total 319488K, used 73246K [0x0000000080000000, 0x0000000100000000)
  region size 1024K, 2 young (2048K), 2 survivors (2048K)
 Metaspace       used 64267K, committed 64960K, reserved 491520K
  class space    used 9062K, committed 9408K, reserved 425984K

Heap Regions: E=young(eden), S=young(survivor), O=old, HS=humongous(starts), HC=humongous(continues), CS=collection set, F=free, OA=open archive, CA=closed archive, TAMS=top-at-mark-start (previous, next)
|   0|0x0000000080000000, 0x0000000080100000, 0x0000000080100000|100%|HS|  |TAMS 0x0000000080100000, 0x0000000080000000| Complete 
|   1|0x0000000080100000, 0x0000000080200000, 0x0000000080200000|100%|HC|  |TAMS 0x0000000080200000, 0x0000000080100000| Complete 
|   2|0x0000000080200000, 0x0000000080300000, 0x0000000080300000|100%|HC|  |TAMS 0x0000000080300000, 0x0000000080200000| Complete 
|   3|0x0000000080300000, 0x0000000080400000, 0x0000000080400000|100%|HC|  |TAMS 0x0000000080400000, 0x0000000080300000| Complete 
|   4|0x0000000080400000, 0x0000000080500000, 0x0000000080500000|100%| O|  |TAMS 0x0000000080500000, 0x0000000080400000| Untracked 
|   5|0x0000000080500000, 0x0000000080600000, 0x0000000080600000|100%| O|  |TAMS 0x0000000080600000, 0x0000000080500000| Untracked 
|   6|0x0000000080600000, 0x0000000080700000, 0x0000000080700000|100%| O|  |TAMS 0x0000000080700000, 0x0000000080600000| Untracked 
|   7|0x0000000080700000, 0x0000000080800000, 0x0000000080800000|100%| O|  |TAMS 0x0000000080800000, 0x0000000080700000| Untracked 
|   8|0x0000000080800000, 0x0000000080900000, 0x0000000080900000|100%| O|  |TAMS 0x0000000080900000, 0x0000000080800000| Untracked 
|   9|0x0000000080900000, 0x0000000080a00000, 0x0000000080a00000|100%|HS|  |TAMS 0x0000000080a00000, 0x0000000080900000| Complete 
|  10|0x0000000080a00000, 0x0000000080b00000, 0x0000000080b00000|100%| O|  |TAMS 0x0000000080b00000, 0x0000000080a00000| Untracked 
|  11|0x0000000080b00000, 0x0000000080c00000, 0x0000000080c00000|100%| O|  |TAMS 0x0000000080c00000, 0x0000000080b00000| Untracked 
|  12|0x0000000080c00000, 0x0000000080d00000, 0x0000000080d00000|100%| O|  |TAMS 0x0000000080d00000, 0x0000000080c00000| Untracked 
|  13|0x0000000080d00000, 0x0000000080e00000, 0x0000000080e00000|100%| O|  |TAMS 0x0000000080e00000, 0x0000000080d00000| Untracked 
|  14|0x0000000080e00000, 0x0000000080f00000, 0x0000000080f00000|100%| O|  |TAMS 0x0000000080f00000, 0x0000000080e00000| Untracked 
|  15|0x0000000080f00000, 0x0000000081000000, 0x0000000081000000|100%| O|  |TAMS 0x0000000081000000, 0x0000000080f00000| Untracked 
|  16|0x0000000081000000, 0x0000000081100000, 0x0000000081100000|100%| O|  |TAMS 0x0000000081100000, 0x0000000081000000| Untracked 
|  17|0x0000000081100000, 0x0000000081200000, 0x0000000081200000|100%| O|  |TAMS 0x0000000081200000, 0x0000000081100000| Untracked 
|  18|0x0000000081200000, 0x0000000081300000, 0x0000000081300000|100%| O|  |TAMS 0x0000000081300000, 0x0000000081200000| Untracked 
|  19|0x0000000081300000, 0x0000000081400000, 0x0000000081400000|100%| O|  |TAMS 0x0000000081400000, 0x0000000081300000| Untracked 
|  20|0x0000000081400000, 0x0000000081500000, 0x0000000081500000|100%| O|  |TAMS 0x0000000081500000, 0x0000000081400000| Untracked 
|  21|0x0000000081500000, 0x0000000081600000, 0x0000000081600000|100%| O|  |TAMS 0x0000000081600000, 0x0000000081500000| Untracked 
|  22|0x0000000081600000, 0x0000000081700000, 0x0000000081700000|100%| O|  |TAMS 0x0000000081700000, 0x0000000081600000| Untracked 
|  23|0x0000000081700000, 0x0000000081800000, 0x0000000081800000|100%| O|  |TAMS 0x0000000081800000, 0x0000000081700000| Untracked 
|  24|0x0000000081800000, 0x0000000081900000, 0x0000000081900000|100%| O|  |TAMS 0x0000000081900000, 0x0000000081800000| Untracked 
|  25|0x0000000081900000, 0x0000000081a00000, 0x0000000081a00000|100%| O|  |TAMS 0x0000000081a00000, 0x0000000081900000| Untracked 
|  26|0x0000000081a00000, 0x0000000081b00000, 0x0000000081b00000|100%| O|  |TAMS 0x0000000081b00000, 0x0000000081a00000| Untracked 
|  27|0x0000000081b00000, 0x0000000081c00000, 0x0000000081c00000|100%| O|  |TAMS 0x0000000081c00000, 0x0000000081b00000| Untracked 
|  28|0x0000000081c00000, 0x0000000081d00000, 0x0000000081d00000|100%| O|  |TAMS 0x0000000081d00000, 0x0000000081c00000| Untracked 
|  29|0x0000000081d00000, 0x0000000081e00000, 0x0000000081e00000|100%| O|  |TAMS 0x0000000081e00000, 0x0000000081d00000| Untracked 
|  30|0x0000000081e00000, 0x0000000081f00000, 0x0000000081f00000|100%| O|  |TAMS 0x0000000081f00000, 0x0000000081e00000| Untracked 
|  31|0x0000000081f00000, 0x0000000082000000, 0x0000000082000000|100%| O|  |TAMS 0x0000000082000000, 0x0000000081f00000| Untracked 
|  32|0x0000000082000000, 0x0000000082100000, 0x0000000082100000|100%| O|  |TAMS 0x0000000082100000, 0x0000000082000000| Untracked 
|  33|0x0000000082100000, 0x0000000082200000, 0x0000000082200000|100%| O|  |TAMS 0x0000000082200000, 0x0000000082100000| Untracked 
|  34|0x0000000082200000, 0x0000000082300000, 0x0000000082300000|100%| O|  |TAMS 0x0000000082200000, 0x0000000082200000| Untracked 
|  35|0x0000000082300000, 0x0000000082400000, 0x0000000082400000|100%| O|  |TAMS 0x0000000082400000, 0x0000000082300000| Untracked 
|  36|0x0000000082400000, 0x0000000082500000, 0x0000000082500000|100%| O|  |TAMS 0x0000000082441e00, 0x0000000082400000| Untracked 
|  37|0x0000000082500000, 0x0000000082600000, 0x0000000082600000|100%| O|  |TAMS 0x0000000082500000, 0x0000000082500000| Untracked 
|  38|0x0000000082600000, 0x0000000082700000, 0x0000000082700000|100%| O|  |TAMS 0x0000000082600000, 0x0000000082600000| Untracked 
|  39|0x0000000082700000, 0x0000000082800000, 0x0000000082800000|100%| O|  |TAMS 0x0000000082700000, 0x0000000082700000| Untracked 
|  40|0x0000000082800000, 0x0000000082900000, 0x0000000082900000|100%| O|  |TAMS 0x0000000082800000, 0x0000000082800000| Untracked 
|  41|0x0000000082900000, 0x0000000082a00000, 0x0000000082a00000|100%| O|  |TAMS 0x0000000082900000, 0x0000000082900000| Untracked 
|  42|0x0000000082a00000, 0x0000000082b00000, 0x0000000082b00000|100%| O|  |TAMS 0x0000000082a00000, 0x0000000082a00000| Untracked 
|  43|0x0000000082b00000, 0x0000000082c00000, 0x0000000082c00000|100%| O|  |TAMS 0x0000000082b00000, 0x0000000082b00000| Untracked 
|  44|0x0000000082c00000, 0x0000000082d00000, 0x0000000082d00000|100%| O|  |TAMS 0x0000000082c00000, 0x0000000082c00000| Untracked 
|  45|0x0000000082d00000, 0x0000000082e00000, 0x0000000082e00000|100%| O|  |TAMS 0x0000000082d00000, 0x0000000082d00000| Untracked 
|  46|0x0000000082e00000, 0x0000000082f00000, 0x0000000082f00000|100%| O|  |TAMS 0x0000000082e00000, 0x0000000082e00000| Untracked 
|  47|0x0000000082f00000, 0x0000000083000000, 0x0000000083000000|100%|HS|  |TAMS 0x0000000082f00000, 0x0000000082f00000| Complete 
|  48|0x0000000083000000, 0x0000000083100000, 0x0000000083100000|100%|HC|  |TAMS 0x0000000083000000, 0x0000000083000000| Complete 
|  49|0x0000000083100000, 0x0000000083200000, 0x0000000083200000|100%|HS|  |TAMS 0x0000000083100000, 0x0000000083100000| Complete 
|  50|0x0000000083200000, 0x0000000083300000, 0x0000000083300000|100%|HC|  |TAMS 0x0000000083200000, 0x0000000083200000| Complete 
|  51|0x0000000083300000, 0x0000000083400000, 0x0000000083400000|100%|HS|  |TAMS 0x0000000083300000, 0x0000000083300000| Complete 
|  52|0x0000000083400000, 0x0000000083500000, 0x0000000083500000|100%|HC|  |TAMS 0x0000000083400000, 0x0000000083400000| Complete 
|  53|0x0000000083500000, 0x0000000083600000, 0x0000000083600000|100%|HC|  |TAMS 0x0000000083500000, 0x0000000083500000| Complete 
|  54|0x0000000083600000, 0x0000000083700000, 0x0000000083700000|100%|HC|  |TAMS 0x0000000083600000, 0x0000000083600000| Complete 
|  55|0x0000000083700000, 0x0000000083800000, 0x0000000083800000|100%|HS|  |TAMS 0x0000000083700000, 0x0000000083700000| Complete 
|  56|0x0000000083800000, 0x0000000083900000, 0x0000000083900000|100%|HC|  |TAMS 0x0000000083800000, 0x0000000083800000| Complete 
|  57|0x0000000083900000, 0x0000000083a00000, 0x0000000083a00000|100%|HC|  |TAMS 0x0000000083900000, 0x0000000083900000| Complete 
|  58|0x0000000083a00000, 0x0000000083b00000, 0x0000000083b00000|100%|HC|  |TAMS 0x0000000083a00000, 0x0000000083a00000| Complete 
|  59|0x0000000083b00000, 0x0000000083c00000, 0x0000000083c00000|100%| O|  |TAMS 0x0000000083b00000, 0x0000000083b00000| Untracked 
|  60|0x0000000083c00000, 0x0000000083d00000, 0x0000000083d00000|100%| O|  |TAMS 0x0000000083c00000, 0x0000000083c00000| Untracked 
|  61|0x0000000083d00000, 0x0000000083e00000, 0x0000000083e00000|100%| O|  |TAMS 0x0000000083d00000, 0x0000000083d00000| Untracked 
|  62|0x0000000083e00000, 0x0000000083f00000, 0x0000000083f00000|100%| O|  |TAMS 0x0000000083e00000, 0x0000000083e00000| Untracked 
|  63|0x0000000083f00000, 0x0000000084000000, 0x0000000084000000|100%| O|  |TAMS 0x0000000083f00000, 0x0000000083f00000| Untracked 
|  64|0x0000000084000000, 0x0000000084100000, 0x0000000084100000|100%| O|  |TAMS 0x0000000084000000, 0x0000000084000000| Untracked 
|  65|0x0000000084100000, 0x0000000084200000, 0x0000000084200000|100%| O|  |TAMS 0x0000000084100000, 0x0000000084100000| Untracked 
|  66|0x0000000084200000, 0x0000000084300000, 0x0000000084300000|100%| O|  |TAMS 0x0000000084200000, 0x0000000084200000| Untracked 
|  67|0x0000000084300000, 0x0000000084400000, 0x0000000084400000|100%| O|  |TAMS 0x0000000084300000, 0x0000000084300000| Untracked 
|  68|0x0000000084400000, 0x0000000084500000, 0x0000000084500000|100%| O|  |TAMS 0x0000000084400000, 0x0000000084400000| Untracked 
|  69|0x0000000084500000, 0x0000000084587a00, 0x0000000084600000| 52%| O|  |TAMS 0x0000000084500000, 0x0000000084500000| Untracked 
|  70|0x0000000084600000, 0x0000000084600000, 0x0000000084700000|  0%| F|  |TAMS 0x0000000084600000, 0x0000000084600000| Untracked 
|  71|0x0000000084700000, 0x0000000084700000, 0x0000000084800000|  0%| F|  |TAMS 0x0000000084700000, 0x0000000084700000| Untracked 
|  72|0x0000000084800000, 0x0000000084800000, 0x0000000084900000|  0%| F|  |TAMS 0x0000000084800000, 0x0000000084800000| Untracked 
|  73|0x0000000084900000, 0x0000000084900000, 0x0000000084a00000|  0%| F|  |TAMS 0x0000000084900000, 0x0000000084900000| Untracked 
|  74|0x0000000084a00000, 0x0000000084a00000, 0x0000000084b00000|  0%| F|  |TAMS 0x0000000084a00000, 0x0000000084a00000| Untracked 
|  75|0x0000000084b00000, 0x0000000084b00000, 0x0000000084c00000|  0%| F|  |TAMS 0x0000000084b00000, 0x0000000084b00000| Untracked 
|  76|0x0000000084c00000, 0x0000000084c00000, 0x0000000084d00000|  0%| F|  |TAMS 0x0000000084c00000, 0x0000000084c00000| Untracked 
|  77|0x0000000084d00000, 0x0000000084d00000, 0x0000000084e00000|  0%| F|  |TAMS 0x0000000084d00000, 0x0000000084d00000| Untracked 
|  78|0x0000000084e00000, 0x0000000084e00000, 0x0000000084f00000|  0%| F|  |TAMS 0x0000000084e00000, 0x0000000084e00000| Untracked 
|  79|0x0000000084f00000, 0x0000000084f00000, 0x0000000085000000|  0%| F|  |TAMS 0x0000000084f00000, 0x0000000084f00000| Untracked 
|  80|0x0000000085000000, 0x0000000085000000, 0x0000000085100000|  0%| F|  |TAMS 0x0000000085000000, 0x0000000085000000| Untracked 
|  81|0x0000000085100000, 0x0000000085100000, 0x0000000085200000|  0%| F|  |TAMS 0x0000000085100000, 0x0000000085100000| Untracked 
|  82|0x0000000085200000, 0x0000000085200000, 0x0000000085300000|  0%| F|  |TAMS 0x0000000085200000, 0x0000000085200000| Untracked 
|  83|0x0000000085300000, 0x0000000085300000, 0x0000000085400000|  0%| F|  |TAMS 0x0000000085300000, 0x0000000085300000| Untracked 
|  84|0x0000000085400000, 0x0000000085400000, 0x0000000085500000|  0%| F|  |TAMS 0x0000000085400000, 0x0000000085400000| Untracked 
|  85|0x0000000085500000, 0x0000000085500000, 0x0000000085600000|  0%| F|  |TAMS 0x0000000085500000, 0x0000000085500000| Untracked 
|  86|0x0000000085600000, 0x0000000085600000, 0x0000000085700000|  0%| F|  |TAMS 0x0000000085600000, 0x0000000085600000| Untracked 
|  87|0x0000000085700000, 0x0000000085700000, 0x0000000085800000|  0%| F|  |TAMS 0x0000000085700000, 0x0000000085700000| Untracked 
|  88|0x0000000085800000, 0x0000000085800000, 0x0000000085900000|  0%| F|  |TAMS 0x0000000085800000, 0x0000000085800000| Untracked 
|  89|0x0000000085900000, 0x0000000085900000, 0x0000000085a00000|  0%| F|  |TAMS 0x0000000085900000, 0x0000000085900000| Untracked 
|  90|0x0000000085a00000, 0x0000000085a00000, 0x0000000085b00000|  0%| F|  |TAMS 0x0000000085a00000, 0x0000000085a00000| Untracked 
|  91|0x0000000085b00000, 0x0000000085b00000, 0x0000000085c00000|  0%| F|  |TAMS 0x0000000085b00000, 0x0000000085b00000| Untracked 
|  92|0x0000000085c00000, 0x0000000085c00000, 0x0000000085d00000|  0%| F|  |TAMS 0x0000000085c00000, 0x0000000085c00000| Untracked 
|  93|0x0000000085d00000, 0x0000000085d00000, 0x0000000085e00000|  0%| F|  |TAMS 0x0000000085d00000, 0x0000000085d00000| Untracked 
|  94|0x0000000085e00000, 0x0000000085e00000, 0x0000000085f00000|  0%| F|  |TAMS 0x0000000085e00000, 0x0000000085e00000| Untracked 
|  95|0x0000000085f00000, 0x0000000085f00000, 0x0000000086000000|  0%| F|  |TAMS 0x0000000085f00000, 0x0000000085f00000| Untracked 
|  96|0x0000000086000000, 0x0000000086000000, 0x0000000086100000|  0%| F|  |TAMS 0x0000000086000000, 0x0000000086000000| Untracked 
|  97|0x0000000086100000, 0x0000000086100000, 0x0000000086200000|  0%| F|  |TAMS 0x0000000086100000, 0x0000000086100000| Untracked 
|  98|0x0000000086200000, 0x0000000086200000, 0x0000000086300000|  0%| F|  |TAMS 0x0000000086200000, 0x0000000086200000| Untracked 
|  99|0x0000000086300000, 0x0000000086300000, 0x0000000086400000|  0%| F|  |TAMS 0x0000000086300000, 0x0000000086300000| Untracked 
| 100|0x0000000086400000, 0x0000000086400000, 0x0000000086500000|  0%| F|  |TAMS 0x0000000086400000, 0x0000000086400000| Untracked 
| 101|0x0000000086500000, 0x0000000086500000, 0x0000000086600000|  0%| F|  |TAMS 0x0000000086500000, 0x0000000086500000| Untracked 
| 102|0x0000000086600000, 0x0000000086600000, 0x0000000086700000|  0%| F|  |TAMS 0x0000000086600000, 0x0000000086600000| Untracked 
| 103|0x0000000086700000, 0x0000000086700000, 0x0000000086800000|  0%| F|  |TAMS 0x0000000086700000, 0x0000000086700000| Untracked 
| 104|0x0000000086800000, 0x0000000086800000, 0x0000000086900000|  0%| F|  |TAMS 0x0000000086800000, 0x0000000086800000| Untracked 
| 105|0x0000000086900000, 0x0000000086900000, 0x0000000086a00000|  0%| F|  |TAMS 0x0000000086900000, 0x0000000086900000| Untracked 
| 106|0x0000000086a00000, 0x0000000086a00000, 0x0000000086b00000|  0%| F|  |TAMS 0x0000000086a00000, 0x0000000086a00000| Untracked 
| 107|0x0000000086b00000, 0x0000000086b00000, 0x0000000086c00000|  0%| F|  |TAMS 0x0000000086b00000, 0x0000000086b00000| Untracked 
| 108|0x0000000086c00000, 0x0000000086c00000, 0x0000000086d00000|  0%| F|  |TAMS 0x0000000086c00000, 0x0000000086c00000| Untracked 
| 109|0x0000000086d00000, 0x0000000086d00000, 0x0000000086e00000|  0%| F|  |TAMS 0x0000000086d00000, 0x0000000086d00000| Untracked 
| 110|0x0000000086e00000, 0x0000000086e00000, 0x0000000086f00000|  0%| F|  |TAMS 0x0000000086e00000, 0x0000000086e00000| Untracked 
| 111|0x0000000086f00000, 0x0000000086f00000, 0x0000000087000000|  0%| F|  |TAMS 0x0000000086f00000, 0x0000000086f00000| Untracked 
| 112|0x0000000087000000, 0x0000000087000000, 0x0000000087100000|  0%| F|  |TAMS 0x0000000087000000, 0x0000000087000000| Untracked 
| 113|0x0000000087100000, 0x0000000087100000, 0x0000000087200000|  0%| F|  |TAMS 0x0000000087100000, 0x0000000087100000| Untracked 
| 114|0x0000000087200000, 0x0000000087200000, 0x0000000087300000|  0%| F|  |TAMS 0x0000000087200000, 0x0000000087200000| Untracked 
| 115|0x0000000087300000, 0x0000000087300000, 0x0000000087400000|  0%| F|  |TAMS 0x0000000087300000, 0x0000000087300000| Untracked 
| 116|0x0000000087400000, 0x0000000087400000, 0x0000000087500000|  0%| F|  |TAMS 0x0000000087400000, 0x0000000087400000| Untracked 
| 117|0x0000000087500000, 0x0000000087500000, 0x0000000087600000|  0%| F|  |TAMS 0x0000000087500000, 0x0000000087500000| Untracked 
| 118|0x0000000087600000, 0x0000000087600000, 0x0000000087700000|  0%| F|  |TAMS 0x0000000087600000, 0x0000000087600000| Untracked 
| 119|0x0000000087700000, 0x0000000087700000, 0x0000000087800000|  0%| F|  |TAMS 0x0000000087700000, 0x0000000087700000| Untracked 
| 120|0x0000000087800000, 0x0000000087800000, 0x0000000087900000|  0%| F|  |TAMS 0x0000000087800000, 0x0000000087800000| Untracked 
| 121|0x0000000087900000, 0x0000000087900000, 0x0000000087a00000|  0%| F|  |TAMS 0x0000000087900000, 0x0000000087900000| Untracked 
| 122|0x0000000087a00000, 0x0000000087a00000, 0x0000000087b00000|  0%| F|  |TAMS 0x0000000087a00000, 0x0000000087a00000| Untracked 
| 123|0x0000000087b00000, 0x0000000087b00000, 0x0000000087c00000|  0%| F|  |TAMS 0x0000000087b00000, 0x0000000087b00000| Untracked 
| 124|0x0000000087c00000, 0x0000000087c00000, 0x0000000087d00000|  0%| F|  |TAMS 0x0000000087c00000, 0x0000000087c00000| Untracked 
| 125|0x0000000087d00000, 0x0000000087d00000, 0x0000000087e00000|  0%| F|  |TAMS 0x0000000087d00000, 0x0000000087d00000| Untracked 
| 126|0x0000000087e00000, 0x0000000087e00000, 0x0000000087f00000|  0%| F|  |TAMS 0x0000000087e00000, 0x0000000087e00000| Untracked 
| 127|0x0000000087f00000, 0x0000000087f00000, 0x0000000088000000|  0%| F|  |TAMS 0x0000000087f00000, 0x0000000087f00000| Untracked 
| 128|0x0000000088000000, 0x0000000088000000, 0x0000000088100000|  0%| F|  |TAMS 0x0000000088000000, 0x0000000088000000| Untracked 
| 129|0x0000000088100000, 0x0000000088100000, 0x0000000088200000|  0%| F|  |TAMS 0x0000000088100000, 0x0000000088100000| Untracked 
| 130|0x0000000088200000, 0x0000000088200000, 0x0000000088300000|  0%| F|  |TAMS 0x0000000088200000, 0x0000000088200000| Untracked 
| 131|0x0000000088300000, 0x0000000088300000, 0x0000000088400000|  0%| F|  |TAMS 0x0000000088300000, 0x0000000088300000| Untracked 
| 132|0x0000000088400000, 0x0000000088400000, 0x0000000088500000|  0%| F|  |TAMS 0x0000000088400000, 0x0000000088400000| Untracked 
| 133|0x0000000088500000, 0x0000000088500000, 0x0000000088600000|  0%| F|  |TAMS 0x0000000088500000, 0x0000000088500000| Untracked 
| 134|0x0000000088600000, 0x0000000088600000, 0x0000000088700000|  0%| F|  |TAMS 0x0000000088600000, 0x0000000088600000| Untracked 
| 135|0x0000000088700000, 0x0000000088700000, 0x0000000088800000|  0%| F|  |TAMS 0x0000000088700000, 0x0000000088700000| Untracked 
| 136|0x0000000088800000, 0x0000000088800000, 0x0000000088900000|  0%| F|  |TAMS 0x0000000088800000, 0x0000000088800000| Untracked 
| 137|0x0000000088900000, 0x0000000088900000, 0x0000000088a00000|  0%| F|  |TAMS 0x0000000088900000, 0x0000000088900000| Untracked 
| 138|0x0000000088a00000, 0x0000000088a00000, 0x0000000088b00000|  0%| F|  |TAMS 0x0000000088a00000, 0x0000000088a00000| Untracked 
| 139|0x0000000088b00000, 0x0000000088b00000, 0x0000000088c00000|  0%| F|  |TAMS 0x0000000088b00000, 0x0000000088b00000| Untracked 
| 140|0x0000000088c00000, 0x0000000088c00000, 0x0000000088d00000|  0%| F|  |TAMS 0x0000000088c00000, 0x0000000088c00000| Untracked 
| 141|0x0000000088d00000, 0x0000000088d00000, 0x0000000088e00000|  0%| F|  |TAMS 0x0000000088d00000, 0x0000000088d00000| Untracked 
| 142|0x0000000088e00000, 0x0000000088e00000, 0x0000000088f00000|  0%| F|  |TAMS 0x0000000088e00000, 0x0000000088e00000| Untracked 
| 143|0x0000000088f00000, 0x0000000088f00000, 0x0000000089000000|  0%| F|  |TAMS 0x0000000088f00000, 0x0000000088f00000| Untracked 
| 144|0x0000000089000000, 0x0000000089000000, 0x0000000089100000|  0%| F|  |TAMS 0x0000000089000000, 0x0000000089000000| Untracked 
| 145|0x0000000089100000, 0x0000000089100000, 0x0000000089200000|  0%| F|  |TAMS 0x0000000089100000, 0x0000000089100000| Untracked 
| 146|0x0000000089200000, 0x0000000089200000, 0x0000000089300000|  0%| F|  |TAMS 0x0000000089200000, 0x0000000089200000| Untracked 
| 147|0x0000000089300000, 0x0000000089300000, 0x0000000089400000|  0%| F|  |TAMS 0x0000000089300000, 0x0000000089300000| Untracked 
| 148|0x0000000089400000, 0x0000000089400000, 0x0000000089500000|  0%| F|  |TAMS 0x0000000089400000, 0x0000000089400000| Untracked 
| 149|0x0000000089500000, 0x0000000089500000, 0x0000000089600000|  0%| F|  |TAMS 0x0000000089500000, 0x0000000089500000| Untracked 
| 150|0x0000000089600000, 0x0000000089600000, 0x0000000089700000|  0%| F|  |TAMS 0x0000000089600000, 0x0000000089600000| Untracked 
| 151|0x0000000089700000, 0x0000000089700000, 0x0000000089800000|  0%| F|  |TAMS 0x0000000089700000, 0x0000000089700000| Untracked 
| 152|0x0000000089800000, 0x0000000089800000, 0x0000000089900000|  0%| F|  |TAMS 0x0000000089800000, 0x0000000089800000| Untracked 
| 153|0x0000000089900000, 0x0000000089900000, 0x0000000089a00000|  0%| F|  |TAMS 0x0000000089900000, 0x0000000089900000| Untracked 
| 154|0x0000000089a00000, 0x0000000089a00000, 0x0000000089b00000|  0%| F|  |TAMS 0x0000000089a00000, 0x0000000089a00000| Untracked 
| 155|0x0000000089b00000, 0x0000000089b00000, 0x0000000089c00000|  0%| F|  |TAMS 0x0000000089b00000, 0x0000000089b00000| Untracked 
| 156|0x0000000089c00000, 0x0000000089c00000, 0x0000000089d00000|  0%| F|  |TAMS 0x0000000089c00000, 0x0000000089c00000| Untracked 
| 157|0x0000000089d00000, 0x0000000089d00000, 0x0000000089e00000|  0%| F|  |TAMS 0x0000000089d00000, 0x0000000089d00000| Untracked 
| 158|0x0000000089e00000, 0x0000000089e00000, 0x0000000089f00000|  0%| F|  |TAMS 0x0000000089e00000, 0x0000000089e00000| Untracked 
| 159|0x0000000089f00000, 0x0000000089f00000, 0x000000008a000000|  0%| F|  |TAMS 0x0000000089f00000, 0x0000000089f00000| Untracked 
| 160|0x000000008a000000, 0x000000008a000000, 0x000000008a100000|  0%| F|  |TAMS 0x000000008a000000, 0x000000008a000000| Untracked 
| 161|0x000000008a100000, 0x000000008a100000, 0x000000008a200000|  0%| F|  |TAMS 0x000000008a100000, 0x000000008a100000| Untracked 
| 162|0x000000008a200000, 0x000000008a200000, 0x000000008a300000|  0%| F|  |TAMS 0x000000008a200000, 0x000000008a200000| Untracked 
| 163|0x000000008a300000, 0x000000008a300000, 0x000000008a400000|  0%| F|  |TAMS 0x000000008a300000, 0x000000008a300000| Untracked 
| 164|0x000000008a400000, 0x000000008a400000, 0x000000008a500000|  0%| F|  |TAMS 0x000000008a400000, 0x000000008a400000| Untracked 
| 165|0x000000008a500000, 0x000000008a500000, 0x000000008a600000|  0%| F|  |TAMS 0x000000008a500000, 0x000000008a500000| Untracked 
| 166|0x000000008a600000, 0x000000008a600000, 0x000000008a700000|  0%| F|  |TAMS 0x000000008a600000, 0x000000008a600000| Untracked 
| 167|0x000000008a700000, 0x000000008a700000, 0x000000008a800000|  0%| F|  |TAMS 0x000000008a700000, 0x000000008a700000| Untracked 
| 168|0x000000008a800000, 0x000000008a800000, 0x000000008a900000|  0%| F|  |TAMS 0x000000008a800000, 0x000000008a800000| Untracked 
| 169|0x000000008a900000, 0x000000008a900000, 0x000000008aa00000|  0%| F|  |TAMS 0x000000008a900000, 0x000000008a900000| Untracked 
| 170|0x000000008aa00000, 0x000000008aa00000, 0x000000008ab00000|  0%| F|  |TAMS 0x000000008aa00000, 0x000000008aa00000| Untracked 
| 171|0x000000008ab00000, 0x000000008ab00000, 0x000000008ac00000|  0%| F|  |TAMS 0x000000008ab00000, 0x000000008ab00000| Untracked 
| 172|0x000000008ac00000, 0x000000008ac00000, 0x000000008ad00000|  0%| F|  |TAMS 0x000000008ac00000, 0x000000008ac00000| Untracked 
| 173|0x000000008ad00000, 0x000000008ad00000, 0x000000008ae00000|  0%| F|  |TAMS 0x000000008ad00000, 0x000000008ad00000| Untracked 
| 174|0x000000008ae00000, 0x000000008ae00000, 0x000000008af00000|  0%| F|  |TAMS 0x000000008ae00000, 0x000000008ae00000| Untracked 
| 175|0x000000008af00000, 0x000000008af00000, 0x000000008b000000|  0%| F|  |TAMS 0x000000008af00000, 0x000000008af00000| Untracked 
| 176|0x000000008b000000, 0x000000008b000000, 0x000000008b100000|  0%| F|  |TAMS 0x000000008b000000, 0x000000008b000000| Untracked 
| 177|0x000000008b100000, 0x000000008b100000, 0x000000008b200000|  0%| F|  |TAMS 0x000000008b100000, 0x000000008b100000| Untracked 
| 178|0x000000008b200000, 0x000000008b200000, 0x000000008b300000|  0%| F|  |TAMS 0x000000008b200000, 0x000000008b200000| Untracked 
| 179|0x000000008b300000, 0x000000008b300000, 0x000000008b400000|  0%| F|  |TAMS 0x000000008b300000, 0x000000008b300000| Untracked 
| 180|0x000000008b400000, 0x000000008b400000, 0x000000008b500000|  0%| F|  |TAMS 0x000000008b400000, 0x000000008b400000| Untracked 
| 181|0x000000008b500000, 0x000000008b500000, 0x000000008b600000|  0%| F|  |TAMS 0x000000008b500000, 0x000000008b500000| Untracked 
| 182|0x000000008b600000, 0x000000008b600000, 0x000000008b700000|  0%| F|  |TAMS 0x000000008b600000, 0x000000008b600000| Untracked 
| 183|0x000000008b700000, 0x000000008b700000, 0x000000008b800000|  0%| F|  |TAMS 0x000000008b700000, 0x000000008b700000| Untracked 
| 184|0x000000008b800000, 0x000000008b800000, 0x000000008b900000|  0%| F|  |TAMS 0x000000008b800000, 0x000000008b800000| Untracked 
| 185|0x000000008b900000, 0x000000008b900000, 0x000000008ba00000|  0%| F|  |TAMS 0x000000008b900000, 0x000000008b900000| Untracked 
| 186|0x000000008ba00000, 0x000000008ba00000, 0x000000008bb00000|  0%| F|  |TAMS 0x000000008ba00000, 0x000000008ba00000| Untracked 
| 187|0x000000008bb00000, 0x000000008bb00000, 0x000000008bc00000|  0%| F|  |TAMS 0x000000008bb00000, 0x000000008bb00000| Untracked 
| 188|0x000000008bc00000, 0x000000008bc00000, 0x000000008bd00000|  0%| F|  |TAMS 0x000000008bc00000, 0x000000008bc00000| Untracked 
| 189|0x000000008bd00000, 0x000000008bd00000, 0x000000008be00000|  0%| F|  |TAMS 0x000000008bd00000, 0x000000008bd00000| Untracked 
| 190|0x000000008be00000, 0x000000008be00000, 0x000000008bf00000|  0%| F|  |TAMS 0x000000008be00000, 0x000000008be00000| Untracked 
| 191|0x000000008bf00000, 0x000000008bf00000, 0x000000008c000000|  0%| F|  |TAMS 0x000000008bf00000, 0x000000008bf00000| Untracked 
| 192|0x000000008c000000, 0x000000008c000000, 0x000000008c100000|  0%| F|  |TAMS 0x000000008c000000, 0x000000008c000000| Untracked 
| 193|0x000000008c100000, 0x000000008c100000, 0x000000008c200000|  0%| F|  |TAMS 0x000000008c100000, 0x000000008c100000| Untracked 
| 194|0x000000008c200000, 0x000000008c200000, 0x000000008c300000|  0%| F|  |TAMS 0x000000008c200000, 0x000000008c200000| Untracked 
| 195|0x000000008c300000, 0x000000008c300000, 0x000000008c400000|  0%| F|  |TAMS 0x000000008c300000, 0x000000008c300000| Untracked 
| 196|0x000000008c400000, 0x000000008c400000, 0x000000008c500000|  0%| F|  |TAMS 0x000000008c400000, 0x000000008c400000| Untracked 
| 197|0x000000008c500000, 0x000000008c500000, 0x000000008c600000|  0%| F|  |TAMS 0x000000008c500000, 0x000000008c500000| Untracked 
| 198|0x000000008c600000, 0x000000008c600000, 0x000000008c700000|  0%| F|  |TAMS 0x000000008c600000, 0x000000008c600000| Untracked 
| 199|0x000000008c700000, 0x000000008c700000, 0x000000008c800000|  0%| F|  |TAMS 0x000000008c700000, 0x000000008c700000| Untracked 
| 200|0x000000008c800000, 0x000000008c800000, 0x000000008c900000|  0%| F|  |TAMS 0x000000008c800000, 0x000000008c800000| Untracked 
| 201|0x000000008c900000, 0x000000008c900000, 0x000000008ca00000|  0%| F|  |TAMS 0x000000008c900000, 0x000000008c900000| Untracked 
| 202|0x000000008ca00000, 0x000000008ca00000, 0x000000008cb00000|  0%| F|  |TAMS 0x000000008ca00000, 0x000000008ca00000| Untracked 
| 203|0x000000008cb00000, 0x000000008cb00000, 0x000000008cc00000|  0%| F|  |TAMS 0x000000008cb00000, 0x000000008cb00000| Untracked 
| 204|0x000000008cc00000, 0x000000008cc00000, 0x000000008cd00000|  0%| F|  |TAMS 0x000000008cc00000, 0x000000008cc00000| Untracked 
| 205|0x000000008cd00000, 0x000000008cd00000, 0x000000008ce00000|  0%| F|  |TAMS 0x000000008cd00000, 0x000000008cd00000| Untracked 
| 206|0x000000008ce00000, 0x000000008ce00000, 0x000000008cf00000|  0%| F|  |TAMS 0x000000008ce00000, 0x000000008ce00000| Untracked 
| 207|0x000000008cf00000, 0x000000008cf00000, 0x000000008d000000|  0%| F|  |TAMS 0x000000008cf00000, 0x000000008cf00000| Untracked 
| 208|0x000000008d000000, 0x000000008d000000, 0x000000008d100000|  0%| F|  |TAMS 0x000000008d000000, 0x000000008d000000| Untracked 
| 209|0x000000008d100000, 0x000000008d100000, 0x000000008d200000|  0%| F|  |TAMS 0x000000008d100000, 0x000000008d100000| Untracked 
| 210|0x000000008d200000, 0x000000008d200000, 0x000000008d300000|  0%| F|  |TAMS 0x000000008d200000, 0x000000008d200000| Untracked 
| 211|0x000000008d300000, 0x000000008d300000, 0x000000008d400000|  0%| F|  |TAMS 0x000000008d300000, 0x000000008d300000| Untracked 
| 212|0x000000008d400000, 0x000000008d400000, 0x000000008d500000|  0%| F|  |TAMS 0x000000008d400000, 0x000000008d400000| Untracked 
| 213|0x000000008d500000, 0x000000008d500000, 0x000000008d600000|  0%| F|  |TAMS 0x000000008d500000, 0x000000008d500000| Untracked 
| 214|0x000000008d600000, 0x000000008d600000, 0x000000008d700000|  0%| F|  |TAMS 0x000000008d600000, 0x000000008d600000| Untracked 
| 215|0x000000008d700000, 0x000000008d700000, 0x000000008d800000|  0%| F|  |TAMS 0x000000008d700000, 0x000000008d700000| Untracked 
| 216|0x000000008d800000, 0x000000008d800000, 0x000000008d900000|  0%| F|  |TAMS 0x000000008d800000, 0x000000008d800000| Untracked 
| 217|0x000000008d900000, 0x000000008d900000, 0x000000008da00000|  0%| F|  |TAMS 0x000000008d900000, 0x000000008d900000| Untracked 
| 218|0x000000008da00000, 0x000000008da00000, 0x000000008db00000|  0%| F|  |TAMS 0x000000008da00000, 0x000000008da00000| Untracked 
| 219|0x000000008db00000, 0x000000008db00000, 0x000000008dc00000|  0%| F|  |TAMS 0x000000008db00000, 0x000000008db00000| Untracked 
| 220|0x000000008dc00000, 0x000000008dc00000, 0x000000008dd00000|  0%| F|  |TAMS 0x000000008dc00000, 0x000000008dc00000| Untracked 
| 221|0x000000008dd00000, 0x000000008dd00000, 0x000000008de00000|  0%| F|  |TAMS 0x000000008dd00000, 0x000000008dd00000| Untracked 
| 222|0x000000008de00000, 0x000000008de00000, 0x000000008df00000|  0%| F|  |TAMS 0x000000008de00000, 0x000000008de00000| Untracked 
| 223|0x000000008df00000, 0x000000008df00000, 0x000000008e000000|  0%| F|  |TAMS 0x000000008df00000, 0x000000008df00000| Untracked 
| 224|0x000000008e000000, 0x000000008e000000, 0x000000008e100000|  0%| F|  |TAMS 0x000000008e000000, 0x000000008e000000| Untracked 
| 225|0x000000008e100000, 0x000000008e100000, 0x000000008e200000|  0%| F|  |TAMS 0x000000008e100000, 0x000000008e100000| Untracked 
| 226|0x000000008e200000, 0x000000008e200000, 0x000000008e300000|  0%| F|  |TAMS 0x000000008e200000, 0x000000008e200000| Untracked 
| 227|0x000000008e300000, 0x000000008e300000, 0x000000008e400000|  0%| F|  |TAMS 0x000000008e300000, 0x000000008e300000| Untracked 
| 228|0x000000008e400000, 0x000000008e400000, 0x000000008e500000|  0%| F|  |TAMS 0x000000008e400000, 0x000000008e400000| Untracked 
| 229|0x000000008e500000, 0x000000008e500000, 0x000000008e600000|  0%| F|  |TAMS 0x000000008e500000, 0x000000008e500000| Untracked 
| 230|0x000000008e600000, 0x000000008e600000, 0x000000008e700000|  0%| F|  |TAMS 0x000000008e600000, 0x000000008e600000| Untracked 
| 231|0x000000008e700000, 0x000000008e700000, 0x000000008e800000|  0%| F|  |TAMS 0x000000008e700000, 0x000000008e700000| Untracked 
| 232|0x000000008e800000, 0x000000008e800000, 0x000000008e900000|  0%| F|  |TAMS 0x000000008e800000, 0x000000008e800000| Untracked 
| 233|0x000000008e900000, 0x000000008e900000, 0x000000008ea00000|  0%| F|  |TAMS 0x000000008e900000, 0x000000008e900000| Untracked 
| 234|0x000000008ea00000, 0x000000008ea00000, 0x000000008eb00000|  0%| F|  |TAMS 0x000000008ea00000, 0x000000008ea00000| Untracked 
| 235|0x000000008eb00000, 0x000000008eb00000, 0x000000008ec00000|  0%| F|  |TAMS 0x000000008eb00000, 0x000000008eb00000| Untracked 
| 236|0x000000008ec00000, 0x000000008ec00000, 0x000000008ed00000|  0%| F|  |TAMS 0x000000008ec00000, 0x000000008ec00000| Untracked 
| 237|0x000000008ed00000, 0x000000008ed00000, 0x000000008ee00000|  0%| F|  |TAMS 0x000000008ed00000, 0x000000008ed00000| Untracked 
| 238|0x000000008ee00000, 0x000000008ee00000, 0x000000008ef00000|  0%| F|  |TAMS 0x000000008ee00000, 0x000000008ee00000| Untracked 
| 239|0x000000008ef00000, 0x000000008ef00000, 0x000000008f000000|  0%| F|  |TAMS 0x000000008ef00000, 0x000000008ef00000| Untracked 
| 240|0x000000008f000000, 0x000000008f000000, 0x000000008f100000|  0%| F|  |TAMS 0x000000008f000000, 0x000000008f000000| Untracked 
| 241|0x000000008f100000, 0x000000008f100000, 0x000000008f200000|  0%| F|  |TAMS 0x000000008f100000, 0x000000008f100000| Untracked 
| 242|0x000000008f200000, 0x000000008f200000, 0x000000008f300000|  0%| F|  |TAMS 0x000000008f200000, 0x000000008f200000| Untracked 
| 243|0x000000008f300000, 0x000000008f300000, 0x000000008f400000|  0%| F|  |TAMS 0x000000008f300000, 0x000000008f300000| Untracked 
| 244|0x000000008f400000, 0x000000008f400000, 0x000000008f500000|  0%| F|  |TAMS 0x000000008f400000, 0x000000008f400000| Untracked 
| 245|0x000000008f500000, 0x000000008f500000, 0x000000008f600000|  0%| F|  |TAMS 0x000000008f500000, 0x000000008f500000| Untracked 
| 246|0x000000008f600000, 0x000000008f600000, 0x000000008f700000|  0%| F|  |TAMS 0x000000008f600000, 0x000000008f600000| Untracked 
| 247|0x000000008f700000, 0x000000008f700000, 0x000000008f800000|  0%| F|  |TAMS 0x000000008f700000, 0x000000008f700000| Untracked 
| 248|0x000000008f800000, 0x000000008f800000, 0x000000008f900000|  0%| F|  |TAMS 0x000000008f800000, 0x000000008f800000| Untracked 
| 249|0x000000008f900000, 0x000000008f900000, 0x000000008fa00000|  0%| F|  |TAMS 0x000000008f900000, 0x000000008f900000| Untracked 
| 250|0x000000008fa00000, 0x000000008fa00000, 0x000000008fb00000|  0%| F|  |TAMS 0x000000008fa00000, 0x000000008fa00000| Untracked 
| 251|0x000000008fb00000, 0x000000008fb00000, 0x000000008fc00000|  0%| F|  |TAMS 0x000000008fb00000, 0x000000008fb00000| Untracked 
| 252|0x000000008fc00000, 0x000000008fc00000, 0x000000008fd00000|  0%| F|  |TAMS 0x000000008fc00000, 0x000000008fc00000| Untracked 
| 253|0x000000008fd00000, 0x000000008fd00000, 0x000000008fe00000|  0%| F|  |TAMS 0x000000008fd00000, 0x000000008fd00000| Untracked 
| 254|0x000000008fe00000, 0x000000008fe00000, 0x000000008ff00000|  0%| F|  |TAMS 0x000000008fe00000, 0x000000008fe00000| Untracked 
| 255|0x000000008ff00000, 0x000000008ff00000, 0x0000000090000000|  0%| F|  |TAMS 0x000000008ff00000, 0x000000008ff00000| Untracked 
| 256|0x0000000090000000, 0x0000000090000000, 0x0000000090100000|  0%| F|  |TAMS 0x0000000090000000, 0x0000000090000000| Untracked 
| 257|0x0000000090100000, 0x0000000090100000, 0x0000000090200000|  0%| F|  |TAMS 0x0000000090100000, 0x0000000090100000| Untracked 
| 258|0x0000000090200000, 0x0000000090200000, 0x0000000090300000|  0%| F|  |TAMS 0x0000000090200000, 0x0000000090200000| Untracked 
| 259|0x0000000090300000, 0x0000000090300000, 0x0000000090400000|  0%| F|  |TAMS 0x0000000090300000, 0x0000000090300000| Untracked 
| 260|0x0000000090400000, 0x0000000090400000, 0x0000000090500000|  0%| F|  |TAMS 0x0000000090400000, 0x0000000090400000| Untracked 
| 261|0x0000000090500000, 0x0000000090500000, 0x0000000090600000|  0%| F|  |TAMS 0x0000000090500000, 0x0000000090500000| Untracked 
| 262|0x0000000090600000, 0x0000000090600000, 0x0000000090700000|  0%| F|  |TAMS 0x0000000090600000, 0x0000000090600000| Untracked 
| 263|0x0000000090700000, 0x0000000090700000, 0x0000000090800000|  0%| F|  |TAMS 0x0000000090700000, 0x0000000090700000| Untracked 
| 264|0x0000000090800000, 0x0000000090800000, 0x0000000090900000|  0%| F|  |TAMS 0x0000000090800000, 0x0000000090800000| Untracked 
| 265|0x0000000090900000, 0x0000000090900000, 0x0000000090a00000|  0%| F|  |TAMS 0x0000000090900000, 0x0000000090900000| Untracked 
| 266|0x0000000090a00000, 0x0000000090a00000, 0x0000000090b00000|  0%| F|  |TAMS 0x0000000090a00000, 0x0000000090a00000| Untracked 
| 267|0x0000000090b00000, 0x0000000090b00000, 0x0000000090c00000|  0%| F|  |TAMS 0x0000000090b00000, 0x0000000090b00000| Untracked 
| 268|0x0000000090c00000, 0x0000000090c00000, 0x0000000090d00000|  0%| F|  |TAMS 0x0000000090c00000, 0x0000000090c00000| Untracked 
| 269|0x0000000090d00000, 0x0000000090d00000, 0x0000000090e00000|  0%| F|  |TAMS 0x0000000090d00000, 0x0000000090d00000| Untracked 
| 270|0x0000000090e00000, 0x0000000090e00000, 0x0000000090f00000|  0%| F|  |TAMS 0x0000000090e00000, 0x0000000090e00000| Untracked 
| 271|0x0000000090f00000, 0x0000000090f00000, 0x0000000091000000|  0%| F|  |TAMS 0x0000000090f00000, 0x0000000090f00000| Untracked 
| 272|0x0000000091000000, 0x0000000091000000, 0x0000000091100000|  0%| F|  |TAMS 0x0000000091000000, 0x0000000091000000| Untracked 
| 273|0x0000000091100000, 0x0000000091100000, 0x0000000091200000|  0%| F|  |TAMS 0x0000000091100000, 0x0000000091100000| Untracked 
| 274|0x0000000091200000, 0x0000000091200000, 0x0000000091300000|  0%| F|  |TAMS 0x0000000091200000, 0x0000000091200000| Untracked 
| 275|0x0000000091300000, 0x0000000091300000, 0x0000000091400000|  0%| F|  |TAMS 0x0000000091300000, 0x0000000091300000| Untracked 
| 276|0x0000000091400000, 0x0000000091400000, 0x0000000091500000|  0%| F|  |TAMS 0x0000000091400000, 0x0000000091400000| Untracked 
| 277|0x0000000091500000, 0x0000000091500000, 0x0000000091600000|  0%| F|  |TAMS 0x0000000091500000, 0x0000000091500000| Untracked 
| 278|0x0000000091600000, 0x0000000091600000, 0x0000000091700000|  0%| F|  |TAMS 0x0000000091600000, 0x0000000091600000| Untracked 
| 279|0x0000000091700000, 0x0000000091700000, 0x0000000091800000|  0%| F|  |TAMS 0x0000000091700000, 0x0000000091700000| Untracked 
| 280|0x0000000091800000, 0x0000000091800000, 0x0000000091900000|  0%| F|  |TAMS 0x0000000091800000, 0x0000000091800000| Untracked 
| 281|0x0000000091900000, 0x0000000091900000, 0x0000000091a00000|  0%| F|  |TAMS 0x0000000091900000, 0x0000000091900000| Untracked 
| 282|0x0000000091a00000, 0x0000000091a00000, 0x0000000091b00000|  0%| F|  |TAMS 0x0000000091a00000, 0x0000000091a00000| Untracked 
| 283|0x0000000091b00000, 0x0000000091b00000, 0x0000000091c00000|  0%| F|  |TAMS 0x0000000091b00000, 0x0000000091b00000| Untracked 
| 284|0x0000000091c00000, 0x0000000091c00000, 0x0000000091d00000|  0%| F|  |TAMS 0x0000000091c00000, 0x0000000091c00000| Untracked 
| 285|0x0000000091d00000, 0x0000000091d00000, 0x0000000091e00000|  0%| F|  |TAMS 0x0000000091d00000, 0x0000000091d00000| Untracked 
| 286|0x0000000091e00000, 0x0000000091e00000, 0x0000000091f00000|  0%| F|  |TAMS 0x0000000091e00000, 0x0000000091e00000| Untracked 
| 287|0x0000000091f00000, 0x0000000091f00000, 0x0000000092000000|  0%| F|  |TAMS 0x0000000091f00000, 0x0000000091f00000| Untracked 
| 288|0x0000000092000000, 0x0000000092000000, 0x0000000092100000|  0%| F|  |TAMS 0x0000000092000000, 0x0000000092000000| Untracked 
| 289|0x0000000092100000, 0x0000000092100000, 0x0000000092200000|  0%| F|  |TAMS 0x0000000092100000, 0x0000000092100000| Untracked 
| 290|0x0000000092200000, 0x0000000092200000, 0x0000000092300000|  0%| F|  |TAMS 0x0000000092200000, 0x0000000092200000| Untracked 
| 291|0x0000000092300000, 0x0000000092300000, 0x0000000092400000|  0%| F|  |TAMS 0x0000000092300000, 0x0000000092300000| Untracked 
| 292|0x0000000092400000, 0x0000000092400000, 0x0000000092500000|  0%| F|  |TAMS 0x0000000092400000, 0x0000000092400000| Untracked 
| 293|0x0000000092500000, 0x0000000092500000, 0x0000000092600000|  0%| F|  |TAMS 0x0000000092500000, 0x0000000092500000| Untracked 
| 294|0x0000000092600000, 0x0000000092600000, 0x0000000092700000|  0%| F|  |TAMS 0x0000000092600000, 0x0000000092600000| Untracked 
| 295|0x0000000092700000, 0x0000000092700000, 0x0000000092800000|  0%| F|  |TAMS 0x0000000092700000, 0x0000000092700000| Untracked 
| 296|0x0000000092800000, 0x0000000092900000, 0x0000000092900000|100%| S|CS|TAMS 0x0000000092800000, 0x0000000092800000| Complete 
| 297|0x0000000092900000, 0x0000000092900000, 0x0000000092a00000|  0%| F|  |TAMS 0x0000000092900000, 0x0000000092900000| Untracked 
| 298|0x0000000092a00000, 0x0000000092b00000, 0x0000000092b00000|100%| S|CS|TAMS 0x0000000092a00000, 0x0000000092a00000| Complete 
| 299|0x0000000092b00000, 0x0000000092b00000, 0x0000000092c00000|  0%| F|  |TAMS 0x0000000092b00000, 0x0000000092b00000| Untracked 
| 300|0x0000000092c00000, 0x0000000092c00000, 0x0000000092d00000|  0%| F|  |TAMS 0x0000000092c00000, 0x0000000092c00000| Untracked 
| 301|0x0000000092d00000, 0x0000000092d00000, 0x0000000092e00000|  0%| F|  |TAMS 0x0000000092d00000, 0x0000000092d00000| Untracked 
| 302|0x0000000092e00000, 0x0000000092e00000, 0x0000000092f00000|  0%| F|  |TAMS 0x0000000092e00000, 0x0000000092e00000| Untracked 
| 303|0x0000000092f00000, 0x0000000092f00000, 0x0000000093000000|  0%| F|  |TAMS 0x0000000092f00000, 0x0000000092f00000| Untracked 
| 304|0x0000000093000000, 0x0000000093000000, 0x0000000093100000|  0%| F|  |TAMS 0x0000000093000000, 0x0000000093000000| Untracked 
| 305|0x0000000093100000, 0x0000000093100000, 0x0000000093200000|  0%| F|  |TAMS 0x0000000093100000, 0x0000000093100000| Untracked 
| 306|0x0000000093200000, 0x0000000093200000, 0x0000000093300000|  0%| F|  |TAMS 0x0000000093200000, 0x0000000093200000| Untracked 
| 307|0x0000000093300000, 0x0000000093300000, 0x0000000093400000|  0%| F|  |TAMS 0x0000000093300000, 0x0000000093300000| Untracked 
| 308|0x0000000093400000, 0x0000000093400000, 0x0000000093500000|  0%| F|  |TAMS 0x0000000093400000, 0x0000000093400000| Untracked 
| 309|0x0000000093500000, 0x0000000093500000, 0x0000000093600000|  0%| F|  |TAMS 0x0000000093500000, 0x0000000093500000| Untracked 
| 310|0x0000000093600000, 0x0000000093600000, 0x0000000093700000|  0%| F|  |TAMS 0x0000000093600000, 0x0000000093600000| Untracked 
| 311|0x0000000093700000, 0x0000000093700000, 0x0000000093800000|  0%| F|  |TAMS 0x0000000093700000, 0x0000000093700000| Untracked 

Card table byte_map: [0x000001b0f3160000,0x000001b0f3560000] _byte_map_base: 0x000001b0f2d60000

Marking Bits (Prev, Next): (CMBitMap*) 0x000001b0dc290f90, (CMBitMap*) 0x000001b0dc290f50
 Prev Bits: [0x000001b0f5960000, 0x000001b0f7960000)
 Next Bits: [0x000001b0f3960000, 0x000001b0f5960000)

Polling page: 0x000001b0d9ef0000

Metaspace:

Usage:
  Non-class:     53.91 MB used.
      Class:      8.85 MB used.
       Both:     62.76 MB used.

Virtual space:
  Non-class space:       64.00 MB reserved,      54.25 MB ( 85%) committed,  1 nodes.
      Class space:      416.00 MB reserved,       9.19 MB (  2%) committed,  1 nodes.
             Both:      480.00 MB reserved,      63.44 MB ( 13%) committed. 

Chunk freelists:
   Non-Class:  9.14 MB
       Class:  6.85 MB
        Both:  15.99 MB

MaxMetaspaceSize: 512.00 MB
CompressedClassSpaceSize: 416.00 MB
Initial GC threshold: 21.00 MB
Current GC threshold: 81.56 MB
CDS: on
MetaspaceReclaimPolicy: balanced
 - commit_granule_bytes: 65536.
 - commit_granule_words: 8192.
 - virtual_space_node_default_size: 8388608.
 - enlarge_chunks_in_place: 1.
 - new_chunks_are_fully_committed: 0.
 - uncommit_free_chunks: 1.
 - use_allocation_guard: 0.
 - handle_deallocations: 1.


Internal statistics:

num_allocs_failed_limit: 3.
num_arena_births: 884.
num_arena_deaths: 0.
num_vsnodes_births: 2.
num_vsnodes_deaths: 0.
num_space_committed: 1015.
num_space_uncommitted: 0.
num_chunks_returned_to_freelist: 3.
num_chunks_taken_from_freelist: 3633.
num_chunk_merges: 3.
num_chunk_splits: 2345.
num_chunks_enlarged: 1494.
num_inconsistent_stats: 0.

CodeHeap 'non-profiled nmethods': size=120000Kb used=4595Kb max_used=4595Kb free=115404Kb
 bounds [0x000001b0eb830000, 0x000001b0ebcb0000, 0x000001b0f2d60000]
CodeHeap 'profiled nmethods': size=120000Kb used=14691Kb max_used=14691Kb free=105308Kb
 bounds [0x000001b0e3d60000, 0x000001b0e4bc0000, 0x000001b0eb290000]
CodeHeap 'non-nmethods': size=5760Kb used=2382Kb max_used=2424Kb free=3377Kb
 bounds [0x000001b0eb290000, 0x000001b0eb500000, 0x000001b0eb830000]
 total_blobs=8530 nmethods=7631 adapters=812
 compilation: enabled
              stopped_count=0, restarted_count=0
 full_count=0

Compilation events (20 events):
Event: 745.198 Thread 0x000001b0f9e212f0 8519       1       org.gradle.launcher.daemon.server.Daemon::getStateCoordinator (5 bytes)
Event: 745.198 Thread 0x000001b0f9e212f0 nmethod 8519 0x000001b0ebca6090 code [0x000001b0ebca6220, 0x000001b0ebca62f8]
Event: 745.587 Thread 0x000001b0f9e212f0 8520       3       org.gradle.cache.internal.btree.CachingBlockStore::flush (63 bytes)
Event: 745.654 Thread 0x000001b0f9e212f0 nmethod 8520 0x000001b0e4bb6d90 code [0x000001b0e4bb6fc0, 0x000001b0e4bb77e8]
Event: 746.157 Thread 0x000001b0f9e1de60 8522   !   4       com.google.common.cache.LocalCache$Segment::runLockedCleanup (39 bytes)
Event: 746.560 Thread 0x000001b0f9e212f0 8523       3       com.google.common.cache.LocalCache$EntryFactory$2::copyEntry (21 bytes)
Event: 746.577 Thread 0x000001b0f9e212f0 nmethod 8523 0x000001b0e4bb7a10 code [0x000001b0e4bb7bc0, 0x000001b0e4bb7dd8]
Event: 746.577 Thread 0x000001b0f9e212f0 8524       3       com.google.common.cache.LocalCache$EntryFactory::copyAccessEntry (37 bytes)
Event: 746.624 Thread 0x000001b0f9e212f0 nmethod 8524 0x000001b0e4bb7f10 code [0x000001b0e4bb8160, 0x000001b0e4bb8bd8]
Event: 746.814 Thread 0x000001b0f9e1de60 nmethod 8522 0x000001b0ebca6390 code [0x000001b0ebca65c0, 0x000001b0ebca74b0]
Event: 747.170 Thread 0x000001b0f9e1de60 8525   !   4       com.google.common.cache.LocalCache::processPendingNotifications (47 bytes)
Event: 750.677 Thread 0x000001b0f9e1de60 nmethod 8525 0x000001b0ebca7f10 code [0x000001b0ebca80e0, 0x000001b0ebca8c18]
Event: 751.484 Thread 0x000001b0f9e1de60 8527       4       org.gradle.internal.io.StreamByteBuffer::prepareRead (102 bytes)
Event: 751.600 Thread 0x000001b0f9e1de60 nmethod 8527 0x000001b0ebca9410 code [0x000001b0ebca95a0, 0x000001b0ebca98e8]
Event: 751.600 Thread 0x000001b0f9e1de60 8528       4       java.io.BufferedInputStream::fill (203 bytes)
Event: 751.694 Thread 0x000001b0f9e1de60 nmethod 8528 0x000001b0ebca9b10 code [0x000001b0ebca9ca0, 0x000001b0ebca9e08]
Event: 751.784 Thread 0x000001b0f9e1de60 8529       4       org.gradle.internal.file.FileHierarchySet$Node::contains (101 bytes)
Event: 751.917 Thread 0x000001b0f9e1de60 nmethod 8529 0x000001b0ebcaa010 code [0x000001b0ebcaa280, 0x000001b0ebcab0e0]
Event: 751.917 Thread 0x000001b0f9e1de60 8530       4       org.gradle.internal.hash.HashCode::fromBytes (65 bytes)
Event: 751.956 Thread 0x000001b0f9e1de60 nmethod 8530 0x000001b0ebcac690 code [0x000001b0ebcac840, 0x000001b0ebcacd18]

GC Heap History (20 events):
Event: 655.884 GC heap after
{Heap after GC invocations=47 (full 0):
 garbage-first heap   total 266240K, used 64174K [0x0000000080000000, 0x0000000100000000)
  region size 1024K, 4 young (4096K), 4 survivors (4096K)
 Metaspace       used 58742K, committed 59392K, reserved 491520K
  class space    used 8331K, committed 8640K, reserved 425984K
}
Event: 659.210 GC heap before
{Heap before GC invocations=47 (full 0):
 garbage-first heap   total 266240K, used 74414K [0x0000000080000000, 0x0000000100000000)
  region size 1024K, 14 young (14336K), 4 survivors (4096K)
 Metaspace       used 59728K, committed 60416K, reserved 491520K
  class space    used 8447K, committed 8768K, reserved 425984K
}
Event: 659.910 GC heap after
{Heap after GC invocations=48 (full 0):
 garbage-first heap   total 266240K, used 65090K [0x0000000080000000, 0x0000000100000000)
  region size 1024K, 1 young (1024K), 1 survivors (1024K)
 Metaspace       used 59728K, committed 60416K, reserved 491520K
  class space    used 8447K, committed 8768K, reserved 425984K
}
Event: 661.045 GC heap before
{Heap before GC invocations=48 (full 0):
 garbage-first heap   total 266240K, used 77378K [0x0000000080000000, 0x0000000100000000)
  region size 1024K, 13 young (13312K), 1 survivors (1024K)
 Metaspace       used 60526K, committed 61248K, reserved 491520K
  class space    used 8556K, committed 8896K, reserved 425984K
}
Event: 661.063 GC heap after
{Heap after GC invocations=49 (full 0):
 garbage-first heap   total 266240K, used 65979K [0x0000000080000000, 0x0000000100000000)
  region size 1024K, 2 young (2048K), 2 survivors (2048K)
 Metaspace       used 60526K, committed 61248K, reserved 491520K
  class space    used 8556K, committed 8896K, reserved 425984K
}
Event: 662.229 GC heap before
{Heap before GC invocations=49 (full 0):
 garbage-first heap   total 266240K, used 77243K [0x0000000080000000, 0x0000000100000000)
  region size 1024K, 13 young (13312K), 2 survivors (2048K)
 Metaspace       used 61154K, committed 61824K, reserved 491520K
  class space    used 8646K, committed 8960K, reserved 425984K
}
Event: 662.984 GC heap after
{Heap after GC invocations=50 (full 0):
 garbage-first heap   total 266240K, used 66464K [0x0000000080000000, 0x0000000100000000)
  region size 1024K, 1 young (1024K), 1 survivors (1024K)
 Metaspace       used 61154K, committed 61824K, reserved 491520K
  class space    used 8646K, committed 8960K, reserved 425984K
}
Event: 668.129 GC heap before
{Heap before GC invocations=50 (full 0):
 garbage-first heap   total 266240K, used 78752K [0x0000000080000000, 0x0000000100000000)
  region size 1024K, 13 young (13312K), 1 survivors (1024K)
 Metaspace       used 61858K, committed 62528K, reserved 491520K
  class space    used 8741K, committed 9088K, reserved 425984K
}
Event: 668.144 GC heap after
{Heap after GC invocations=51 (full 0):
 garbage-first heap   total 266240K, used 66666K [0x0000000080000000, 0x0000000100000000)
  region size 1024K, 1 young (1024K), 1 survivors (1024K)
 Metaspace       used 61858K, committed 62528K, reserved 491520K
  class space    used 8741K, committed 9088K, reserved 425984K
}
Event: 673.500 GC heap before
{Heap before GC invocations=51 (full 0):
 garbage-first heap   total 266240K, used 77930K [0x0000000080000000, 0x0000000100000000)
  region size 1024K, 13 young (13312K), 1 survivors (1024K)
 Metaspace       used 62468K, committed 63168K, reserved 491520K
  class space    used 8819K, committed 9152K, reserved 425984K
}
Event: 673.528 GC heap after
{Heap after GC invocations=52 (full 0):
 garbage-first heap   total 266240K, used 67015K [0x0000000080000000, 0x0000000100000000)
  region size 1024K, 2 young (2048K), 2 survivors (2048K)
 Metaspace       used 62468K, committed 63168K, reserved 491520K
  class space    used 8819K, committed 9152K, reserved 425984K
}
Event: 676.841 GC heap before
{Heap before GC invocations=52 (full 0):
 garbage-first heap   total 266240K, used 77255K [0x0000000080000000, 0x0000000100000000)
  region size 1024K, 13 young (13312K), 2 survivors (2048K)
 Metaspace       used 63023K, committed 63680K, reserved 491520K
  class space    used 8894K, committed 9216K, reserved 425984K
}
Event: 676.968 GC heap after
{Heap after GC invocations=53 (full 0):
 garbage-first heap   total 319488K, used 68388K [0x0000000080000000, 0x0000000100000000)
  region size 1024K, 2 young (2048K), 2 survivors (2048K)
 Metaspace       used 63023K, committed 63680K, reserved 491520K
  class space    used 8894K, committed 9216K, reserved 425984K
}
Event: 677.839 GC heap before
{Heap before GC invocations=53 (full 0):
 garbage-first heap   total 319488K, used 80676K [0x0000000080000000, 0x0000000100000000)
  region size 1024K, 15 young (15360K), 2 survivors (2048K)
 Metaspace       used 63043K, committed 63744K, reserved 491520K
  class space    used 8894K, committed 9216K, reserved 425984K
}
Event: 678.353 GC heap after
{Heap after GC invocations=54 (full 0):
 garbage-first heap   total 319488K, used 70480K [0x0000000080000000, 0x0000000100000000)
  region size 1024K, 2 young (2048K), 2 survivors (2048K)
 Metaspace       used 63043K, committed 63744K, reserved 491520K
  class space    used 8894K, committed 9216K, reserved 425984K
}
Event: 685.219 GC heap before
{Heap before GC invocations=54 (full 0):
 garbage-first heap   total 319488K, used 82768K [0x0000000080000000, 0x0000000100000000)
  region size 1024K, 15 young (15360K), 2 survivors (2048K)
 Metaspace       used 63971K, committed 64576K, reserved 491520K
  class space    used 9037K, committed 9344K, reserved 425984K
}
Event: 685.600 GC heap after
{Heap after GC invocations=55 (full 0):
 garbage-first heap   total 319488K, used 71431K [0x0000000080000000, 0x0000000100000000)
  region size 1024K, 1 young (1024K), 1 survivors (1024K)
 Metaspace       used 63971K, committed 64576K, reserved 491520K
  class space    used 9037K, committed 9344K, reserved 425984K
}
Event: 716.608 GC heap before
{Heap before GC invocations=55 (full 0):
 garbage-first heap   total 319488K, used 85767K [0x0000000080000000, 0x0000000100000000)
  region size 1024K, 15 young (15360K), 1 survivors (1024K)
 Metaspace       used 64248K, committed 64960K, reserved 491520K
  class space    used 9062K, committed 9408K, reserved 425984K
}
Event: 717.506 GC heap after
{Heap after GC invocations=56 (full 0):
 garbage-first heap   total 319488K, used 71803K [0x0000000080000000, 0x0000000100000000)
  region size 1024K, 2 young (2048K), 2 survivors (2048K)
 Metaspace       used 64248K, committed 64960K, reserved 491520K
  class space    used 9062K, committed 9408K, reserved 425984K
}
Event: 752.278 GC heap before
{Heap before GC invocations=56 (full 0):
 garbage-first heap   total 319488K, used 84091K [0x0000000080000000, 0x0000000100000000)
  region size 1024K, 15 young (15360K), 2 survivors (2048K)
 Metaspace       used 64267K, committed 64960K, reserved 491520K
  class space    used 9062K, committed 9408K, reserved 425984K
}

Dll operation events (15 events):
Event: 13.107 Loaded shared library C:\Program Files\Microsoft\jdk-17.0.13.11-hotspot\bin\java.dll
Event: 15.838 Loaded shared library C:\Program Files\Microsoft\jdk-17.0.13.11-hotspot\bin\jsvml.dll
Event: 22.077 Loaded shared library C:\Program Files\Microsoft\jdk-17.0.13.11-hotspot\bin\zip.dll
Event: 22.209 Loaded shared library C:\Program Files\Microsoft\jdk-17.0.13.11-hotspot\bin\instrument.dll
Event: 22.495 Loaded shared library C:\Program Files\Microsoft\jdk-17.0.13.11-hotspot\bin\net.dll
Event: 23.001 Loaded shared library C:\Program Files\Microsoft\jdk-17.0.13.11-hotspot\bin\nio.dll
Event: 23.085 Loaded shared library C:\Program Files\Microsoft\jdk-17.0.13.11-hotspot\bin\zip.dll
Event: 67.078 Loaded shared library C:\Program Files\Microsoft\jdk-17.0.13.11-hotspot\bin\jimage.dll
Event: 81.731 Loaded shared library C:\Program Files\Microsoft\jdk-17.0.13.11-hotspot\bin\verify.dll
Event: 84.893 Loaded shared library C:\Users\dell\.gradle\native\c067742578af261105cb4f569cf0c3c89f3d7b1fecec35dd04571415982c5e48\windows-amd64\native-platform.dll
Event: 85.577 Loaded shared library C:\Users\dell\.gradle\native\100fb08df4bc3b14c8652ba06237920a3bd2aa13389f12d3474272988ae205f9\windows-amd64\native-platform-file-events.dll
Event: 100.769 Loaded shared library C:\Program Files\Microsoft\jdk-17.0.13.11-hotspot\bin\management.dll
Event: 100.904 Loaded shared library C:\Program Files\Microsoft\jdk-17.0.13.11-hotspot\bin\management_ext.dll
Event: 103.819 Loaded shared library C:\Program Files\Microsoft\jdk-17.0.13.11-hotspot\bin\extnet.dll
Event: 126.177 Loaded shared library C:\Program Files\Microsoft\jdk-17.0.13.11-hotspot\bin\sunmscapi.dll

Deoptimization events (20 events):
Event: 723.512 Thread 0x000001b0fe67b440 Uncommon trap: trap_request=0xffffff76 fr.pc=0x000001b0ebca09d0 relative=0x00000000000008f0
Event: 723.512 Thread 0x000001b0fe67b440 Uncommon trap: reason=predicate action=maybe_recompile pc=0x000001b0ebca09d0 method=java.util.ComparableTimSort.reverseRange([Ljava/lang/Object;II)V @ 5 c2
Event: 723.512 Thread 0x000001b0fe67b440 DEOPT PACKING pc=0x000001b0ebca09d0 sp=0x00000070e02feba0
Event: 723.512 Thread 0x000001b0fe67b440 DEOPT UNPACKING pc=0x000001b0eb2ea1a3 sp=0x00000070e02feae0 mode 2
Event: 739.475 Thread 0x000001b0fe67b440 Uncommon trap: trap_request=0xffffffd6 fr.pc=0x000001b0ebca3e20 relative=0x0000000000000ac0
Event: 739.475 Thread 0x000001b0fe67b440 Uncommon trap: reason=array_check action=maybe_recompile pc=0x000001b0ebca3e20 method=java.util.ComparableTimSort.reverseRange([Ljava/lang/Object;II)V @ 20 c2
Event: 739.475 Thread 0x000001b0fe67b440 DEOPT PACKING pc=0x000001b0ebca3e20 sp=0x00000070e02feba0
Event: 739.502 Thread 0x000001b0fe67b440 DEOPT UNPACKING pc=0x000001b0eb2ea1a3 sp=0x00000070e02fead8 mode 2
Event: 739.502 Thread 0x000001b0fe67b440 Uncommon trap: trap_request=0xffffffd6 fr.pc=0x000001b0ebca3e20 relative=0x0000000000000ac0
Event: 739.502 Thread 0x000001b0fe67b440 Uncommon trap: reason=array_check action=maybe_recompile pc=0x000001b0ebca3e20 method=java.util.ComparableTimSort.reverseRange([Ljava/lang/Object;II)V @ 20 c2
Event: 739.502 Thread 0x000001b0fe67b440 DEOPT PACKING pc=0x000001b0ebca3e20 sp=0x00000070e02feba0
Event: 739.502 Thread 0x000001b0fe67b440 DEOPT UNPACKING pc=0x000001b0eb2ea1a3 sp=0x00000070e02fead8 mode 2
Event: 739.502 Thread 0x000001b0fe67b440 Uncommon trap: trap_request=0xffffffd6 fr.pc=0x000001b0ebca3e20 relative=0x0000000000000ac0
Event: 739.502 Thread 0x000001b0fe67b440 Uncommon trap: reason=array_check action=maybe_recompile pc=0x000001b0ebca3e20 method=java.util.ComparableTimSort.reverseRange([Ljava/lang/Object;II)V @ 20 c2
Event: 739.502 Thread 0x000001b0fe67b440 DEOPT PACKING pc=0x000001b0ebca3e20 sp=0x00000070e02feba0
Event: 739.502 Thread 0x000001b0fe67b440 DEOPT UNPACKING pc=0x000001b0eb2ea1a3 sp=0x00000070e02fead8 mode 2
Event: 739.502 Thread 0x000001b0fe67b440 Uncommon trap: trap_request=0xffffffd6 fr.pc=0x000001b0ebca3e20 relative=0x0000000000000ac0
Event: 739.502 Thread 0x000001b0fe67b440 Uncommon trap: reason=array_check action=maybe_recompile pc=0x000001b0ebca3e20 method=java.util.ComparableTimSort.reverseRange([Ljava/lang/Object;II)V @ 20 c2
Event: 739.502 Thread 0x000001b0fe67b440 DEOPT PACKING pc=0x000001b0ebca3e20 sp=0x00000070e02feba0
Event: 739.502 Thread 0x000001b0fe67b440 DEOPT UNPACKING pc=0x000001b0eb2ea1a3 sp=0x00000070e02fead8 mode 2

Classes loaded (20 events):
Event: 652.065 Loading class sun/reflect/misc/MethodUtil
Event: 652.080 Loading class sun/reflect/misc/MethodUtil done
Event: 652.130 Loading class sun/reflect/misc/MethodUtil$1
Event: 652.130 Loading class sun/reflect/misc/MethodUtil$1 done
Event: 653.265 Loading class java/time/temporal/WeekFields
Event: 653.266 Loading class java/time/temporal/WeekFields done
Event: 653.310 Loading class java/time/temporal/WeekFields$ComputedDayOfField
Event: 653.310 Loading class java/time/temporal/WeekFields$ComputedDayOfField done
Event: 653.614 Loading class java/time/Month$1
Event: 653.615 Loading class java/time/Month$1 done
Event: 653.837 Loading class java/nio/channels/Channels$1
Event: 653.837 Loading class java/nio/channels/Channels$1 done
Event: 659.096 Loading class java/lang/Override
Event: 659.096 Loading class java/lang/Override done
Event: 660.842 Loading class java/util/regex/Pattern$Pos
Event: 660.842 Loading class java/util/regex/Pattern$Pos done
Event: 664.609 Loading class java/util/AbstractList$ListItr
Event: 664.629 Loading class java/util/AbstractList$ListItr done
Event: 667.322 Loading class java/util/regex/Pattern$1
Event: 667.322 Loading class java/util/regex/Pattern$1 done

Classes unloaded (0 events):
No events

Classes redefined (0 events):
No events

Internal exceptions (20 events):
Event: 645.703 Thread 0x000001b0fe9ccc40 Exception <a 'java/lang/NoSuchMethodError'{0x0000000090200ef0}: static Lorg/jetbrains/kotlin/gradle/plugin/internal/DefaultConfigurationCacheStartParameterAccessorVariantFactory;.<clinit>()V> (0x0000000090200ef0) 
thrown [s\src\hotspot\share\prims\jni.cpp, line 1112]
Event: 645.706 Thread 0x000001b0fe9ccc40 Exception <a 'java/lang/NoSuchMethodError'{0x00000000902261b0}: static Lorg/jetbrains/kotlin/gradle/plugin/internal/MavenPluginConfigurator$DefaultMavenPluginConfiguratorVariantFactory;.<clinit>()V> (0x00000000902261b0) 
thrown [s\src\hotspot\share\prims\jni.cpp, line 1112]
Event: 645.708 Thread 0x000001b0fe9ccc40 Exception <a 'java/lang/NoSuchMethodError'{0x0000000090249930}: static Lorg/jetbrains/kotlin/gradle/targets/js/nodejs/DefaultUnameExecutorVariantFactory;.<clinit>()V> (0x0000000090249930) 
thrown [s\src\hotspot\share\prims\jni.cpp, line 1112]
Event: 645.710 Thread 0x000001b0fe9ccc40 Exception <a 'java/lang/NoSuchMethodError'{0x000000009026de10}: static Lorg/jetbrains/kotlin/gradle/plugin/internal/DefaultBasePluginConfigurationVariantFactory;.<clinit>()V> (0x000000009026de10) 
thrown [s\src\hotspot\share\prims\jni.cpp, line 1112]
Event: 646.370 Thread 0x000001b0fe9ccc40 Exception <a 'java/lang/IncompatibleClassChangeError'{0x000000009013b168}: Found class java.lang.Object, but interface was expected> (0x000000009013b168) 
thrown [s\src\hotspot\share\interpreter\linkResolver.cpp, line 826]
Event: 652.365 Thread 0x000001b0fe9ccc40 Implicit null exception at 0x000001b0eb88c2d9 to 0x000001b0eb88c478
Event: 652.373 Thread 0x000001b0fe9ccc40 Implicit null exception at 0x000001b0ebac2b61 to 0x000001b0ebac34bc
Event: 672.495 Thread 0x000001b0fe9ccc40 Exception <a 'java/lang/ClassNotFoundException'{0x000000008fad63e8}: org/jetbrains/kotlin/gradle/targets/js/npm/DefaultNpmDependencyExtensionBeanInfo> (0x000000008fad63e8) 
thrown [s\src\hotspot\share\classfile\systemDictionary.cpp, line 256]
Event: 672.527 Thread 0x000001b0fe9ccc40 Exception <a 'java/lang/ClassNotFoundException'{0x000000008faeaac0}: org/jetbrains/kotlin/gradle/targets/js/npm/DefaultNpmDependencyExtensionCustomizer> (0x000000008faeaac0) 
thrown [s\src\hotspot\share\classfile\systemDictionary.cpp, line 256]
Event: 673.331 Thread 0x000001b0fe9ccc40 Exception <a 'java/lang/ClassNotFoundException'{0x000000008f9a1aa8}: org/jetbrains/kotlin/gradle/targets/js/npm/NpmDependencyExtensionKt$defaultNpmDependencyDelegate$1BeanInfo> (0x000000008f9a1aa8) 
thrown [s\src\hotspot\share\classfile\systemDictionary.cpp, line 256]
Event: 673.345 Thread 0x000001b0fe9ccc40 Exception <a 'java/lang/ClassNotFoundException'{0x000000008f9b6700}: org/jetbrains/kotlin/gradle/targets/js/npm/NpmDependencyExtensionDelegateBeanInfo> (0x000000008f9b6700) 
thrown [s\src\hotspot\share\classfile\systemDictionary.cpp, line 256]
Event: 673.346 Thread 0x000001b0fe9ccc40 Exception <a 'java/lang/ClassNotFoundException'{0x000000008f9cb0c0}: org/jetbrains/kotlin/gradle/targets/js/npm/NpmDependencyExtensionDelegateCustomizer> (0x000000008f9cb0c0) 
thrown [s\src\hotspot\share\classfile\systemDictionary.cpp, line 256]
Event: 673.472 Thread 0x000001b0fe9ccc40 Exception <a 'java/lang/ClassNotFoundException'{0x000000008f807260}: org/jetbrains/kotlin/gradle/targets/js/npm/NpmDependencyExtensionKt$defaultNpmDependencyDelegate$1Customizer> (0x000000008f807260) 
thrown [s\src\hotspot\share\classfile\systemDictionary.cpp, line 256]
Event: 673.491 Thread 0x000001b0fe9ccc40 Exception <a 'java/lang/ClassNotFoundException'{0x000000008f85cda0}: org/jetbrains/kotlin/gradle/targets/js/npm/DefaultDevNpmDependencyExtensionBeanInfo> (0x000000008f85cda0) 
thrown [s\src\hotspot\share\classfile\systemDictionary.cpp, line 256]
Event: 673.491 Thread 0x000001b0fe9ccc40 Exception <a 'java/lang/ClassNotFoundException'{0x000000008f8714e0}: org/jetbrains/kotlin/gradle/targets/js/npm/DefaultDevNpmDependencyExtensionCustomizer> (0x000000008f8714e0) 
thrown [s\src\hotspot\share\classfile\systemDictionary.cpp, line 256]
Event: 673.494 Thread 0x000001b0fe9ccc40 Exception <a 'java/lang/ClassNotFoundException'{0x000000008f8cc128}: org/jetbrains/kotlin/gradle/targets/js/npm/DefaultPeerNpmDependencyExtensionBeanInfo> (0x000000008f8cc128) 
thrown [s\src\hotspot\share\classfile\systemDictionary.cpp, line 256]
Event: 673.494 Thread 0x000001b0fe9ccc40 Exception <a 'java/lang/ClassNotFoundException'{0x000000008f8e0870}: org/jetbrains/kotlin/gradle/targets/js/npm/DefaultPeerNpmDependencyExtensionCustomizer> (0x000000008f8e0870) 
thrown [s\src\hotspot\share\classfile\systemDictionary.cpp, line 256]
Event: 673.530 Thread 0x000001b0fe9ccc40 Exception <a 'java/lang/ClassNotFoundException'{0x0000000090349b20}: org/jetbrains/kotlin/gradle/targets/js/npm/DefaultPeerNpmDependencyExtension$delegate$1BeanInfo> (0x0000000090349b20) 
thrown [s\src\hotspot\share\classfile\systemDictionary.cpp, line 256]
Event: 673.530 Thread 0x000001b0fe9ccc40 Exception <a 'java/lang/ClassNotFoundException'{0x000000009035e6d0}: org/jetbrains/kotlin/gradle/targets/js/npm/DefaultPeerNpmDependencyExtension$delegate$1Customizer> (0x000000009035e6d0) 
thrown [s\src\hotspot\share\classfile\systemDictionary.cpp, line 256]
Event: 673.867 Thread 0x000001b0fe9ccc40 Exception <a 'java/lang/NoSuchMethodError'{0x00000000902cdb08}: static Lorg/jetbrains/kotlin/gradle/plugin/internal/DefaultIdeaSyncDetector$createIdeaPropertiesEvaluator$1;.<clinit>()V> (0x00000000902cdb08) 
thrown [s\src\hotspot\share\prims\jni.cpp, line 1112]

VM Operations (20 events):
Event: 713.942 Executing VM operation: Cleanup done
Event: 715.969 Executing VM operation: Cleanup
Event: 715.984 Executing VM operation: Cleanup done
Event: 716.574 Executing VM operation: G1CollectForAllocation
Event: 717.507 Executing VM operation: G1CollectForAllocation done
Event: 718.512 Executing VM operation: Cleanup
Event: 718.544 Executing VM operation: Cleanup done
Event: 728.624 Executing VM operation: Cleanup
Event: 728.624 Executing VM operation: Cleanup done
Event: 732.672 Executing VM operation: Cleanup
Event: 732.672 Executing VM operation: Cleanup done
Event: 735.701 Executing VM operation: Cleanup
Event: 735.935 Executing VM operation: Cleanup done
Event: 737.961 Executing VM operation: Cleanup
Event: 737.993 Executing VM operation: Cleanup done
Event: 741.015 Executing VM operation: Cleanup
Event: 741.015 Executing VM operation: Cleanup done
Event: 750.084 Executing VM operation: Cleanup
Event: 750.239 Executing VM operation: Cleanup done
Event: 752.264 Executing VM operation: G1CollectForAllocation

Memory protections (0 events):
No events

Nmethod flushes (20 events):
Event: 356.923 Thread 0x000001b0f9e4cf20 flushing  nmethod 0x000001b0e45a2990
Event: 356.923 Thread 0x000001b0f9e4cf20 flushing  nmethod 0x000001b0e45a3290
Event: 356.923 Thread 0x000001b0f9e4cf20 flushing  nmethod 0x000001b0e45a4010
Event: 356.923 Thread 0x000001b0f9e4cf20 flushing  nmethod 0x000001b0e45a4e10
Event: 356.923 Thread 0x000001b0f9e4cf20 flushing  nmethod 0x000001b0e45a5990
Event: 356.923 Thread 0x000001b0f9e4cf20 flushing  nmethod 0x000001b0e45ba690
Event: 356.923 Thread 0x000001b0f9e4cf20 flushing  nmethod 0x000001b0e45ef490
Event: 356.924 Thread 0x000001b0f9e4cf20 flushing  nmethod 0x000001b0e466fe90
Event: 356.924 Thread 0x000001b0f9e4cf20 flushing  nmethod 0x000001b0e46a5c10
Event: 678.765 Thread 0x000001b0f9e4cf20 flushing  nmethod 0x000001b0eb8b9310
Event: 679.807 Thread 0x000001b0f9e4cf20 flushing  nmethod 0x000001b0eba12410
Event: 680.333 Thread 0x000001b0f9e4cf20 flushing  nmethod 0x000001b0ebb04310
Event: 680.333 Thread 0x000001b0f9e4cf20 flushing  nmethod 0x000001b0ebb04610
Event: 681.018 Thread 0x000001b0f9e4cf20 flushing  nmethod 0x000001b0e3f1e210
Event: 681.874 Thread 0x000001b0f9e4cf20 flushing  nmethod 0x000001b0e402dd90
Event: 682.405 Thread 0x000001b0f9e4cf20 flushing  nmethod 0x000001b0e40e3690
Event: 683.618 Thread 0x000001b0f9e4cf20 flushing  nmethod 0x000001b0e426a490
Event: 683.881 Thread 0x000001b0f9e4cf20 flushing  nmethod 0x000001b0e4318710
Event: 684.002 Thread 0x000001b0f9e4cf20 flushing  nmethod 0x000001b0e4348e90
Event: 686.196 Thread 0x000001b0f9e4cf20 flushing  nmethod 0x000001b0e46fe510

Events (20 events):
Event: 270.413 Thread 0x000001b09bb5c830 Thread added: 0x000001b09bb5a4c0
Event: 370.802 Thread 0x000001b0fe9ccc40 Thread added: 0x000001b09bb5a9d0
Event: 370.829 Thread 0x000001b0fe9ccc40 Thread added: 0x000001b09bb604f0
Event: 397.545 Thread 0x000001b0fe9ccc40 Thread added: 0x000001b09bb5e690
Event: 397.595 Thread 0x000001b0fe9ccc40 Thread added: 0x000001b09bb5eba0
Event: 400.292 Thread 0x000001b0fe9ccc40 Thread added: 0x000001b09bb60a00
Event: 400.293 Thread 0x000001b0fe9ccc40 Thread added: 0x000001b09bb5f0b0
Event: 405.243 Thread 0x000001b09bb5a4c0 Thread exited: 0x000001b09bb5a4c0
Event: 416.730 Thread 0x000001b09bb5c830 Thread added: 0x000001b09bb5a4c0
Event: 571.760 Thread 0x000001b0fe9ccc40 Thread added: 0x000001b09bb5fad0
Event: 571.760 Thread 0x000001b0fe9ccc40 Thread added: 0x000001b09bb5ffe0
Event: 571.761 Thread 0x000001b0fe9ccc40 Thread added: 0x000001b0ff78f0a0
Event: 581.819 Thread 0x000001b0fe9ccc40 Thread added: 0x000001b0ff792d60
Event: 581.829 Thread 0x000001b0fe9ccc40 Thread added: 0x000001b0ff78f5b0
Event: 581.853 Thread 0x000001b0fe9ccc40 Thread added: 0x000001b0ff793270
Event: 586.231 Thread 0x000001b0fe9ccc40 Thread added: 0x000001b0ff792850
Event: 586.232 Thread 0x000001b0fe9ccc40 Thread added: 0x000001b0ff78fac0
Event: 586.233 Thread 0x000001b0fe9ccc40 Thread added: 0x000001b0ff793780
Event: 614.634 Thread 0x000001b0fe9ccc40 Thread added: 0x000001b0ff791e30
Event: 650.002 Thread 0x000001b0fe9ccc40 Thread added: 0x000001b0ff792340


Dynamic libraries:
0x00007ff7453d0000 - 0x00007ff7453de000 	C:\Program Files\Microsoft\jdk-17.0.13.11-hotspot\bin\java.exe
0x00007ffc72f40000 - 0x00007ffc731a3000 	C:\WINDOWS\SYSTEM32\ntdll.dll
0x00007ffc71890000 - 0x00007ffc71957000 	C:\WINDOWS\System32\KERNEL32.DLL
0x00007ffc70910000 - 0x00007ffc70cd7000 	C:\WINDOWS\System32\KERNELBASE.dll
0x00007ffc707c0000 - 0x00007ffc7090c000 	C:\WINDOWS\System32\ucrtbase.dll
0x00007ffc62ac0000 - 0x00007ffc62add000 	C:\Program Files\Microsoft\jdk-17.0.13.11-hotspot\bin\VCRUNTIME140.dll
0x00007ffc4ea30000 - 0x00007ffc4ea47000 	C:\Program Files\Microsoft\jdk-17.0.13.11-hotspot\bin\jli.dll
0x00007ffc71a10000 - 0x00007ffc71bd9000 	C:\WINDOWS\System32\USER32.dll
0x00007ffc70430000 - 0x00007ffc70457000 	C:\WINDOWS\System32\win32u.dll
0x00007ffc4a430000 - 0x00007ffc4a6c0000 	C:\WINDOWS\WinSxS\amd64_microsoft.windows.common-controls_6595b64144ccf1df_6.0.26100.3037_none_3e09262ce333c378\COMCTL32.dll
0x00007ffc72e80000 - 0x00007ffc72eaa000 	C:\WINDOWS\System32\GDI32.dll
0x00007ffc72d40000 - 0x00007ffc72de9000 	C:\WINDOWS\System32\msvcrt.dll
0x00007ffc705e0000 - 0x00007ffc7070b000 	C:\WINDOWS\System32\gdi32full.dll
0x00007ffc70710000 - 0x00007ffc707b3000 	C:\WINDOWS\System32\msvcp_win.dll
0x00007ffc72ec0000 - 0x00007ffc72eef000 	C:\WINDOWS\System32\IMM32.DLL
0x00007ffc687f0000 - 0x00007ffc687fc000 	C:\Program Files\Microsoft\jdk-17.0.13.11-hotspot\bin\vcruntime140_1.dll
0x00007ffc34c70000 - 0x00007ffc34cfd000 	C:\Program Files\Microsoft\jdk-17.0.13.11-hotspot\bin\msvcp140.dll
0x00007ffc31910000 - 0x00007ffc32581000 	C:\Program Files\Microsoft\jdk-17.0.13.11-hotspot\bin\server\jvm.dll
0x00007ffc717d0000 - 0x00007ffc71884000 	C:\WINDOWS\System32\ADVAPI32.dll
0x00007ffc72880000 - 0x00007ffc72926000 	C:\WINDOWS\System32\sechost.dll
0x00007ffc71fa0000 - 0x00007ffc720b6000 	C:\WINDOWS\System32\RPCRT4.dll
0x00007ffc72650000 - 0x00007ffc726c4000 	C:\WINDOWS\System32\WS2_32.dll
0x00007ffc70190000 - 0x00007ffc701de000 	C:\WINDOWS\SYSTEM32\POWRPROF.dll
0x00007ffc5ef90000 - 0x00007ffc5efc6000 	C:\WINDOWS\SYSTEM32\WINMM.dll
0x00007ffc69770000 - 0x00007ffc6977b000 	C:\WINDOWS\SYSTEM32\VERSION.dll
0x00007ffc70170000 - 0x00007ffc70184000 	C:\WINDOWS\SYSTEM32\UMPDC.dll
0x00007ffc6f110000 - 0x00007ffc6f12a000 	C:\WINDOWS\SYSTEM32\kernel.appcore.dll
0x00007ffc62ab0000 - 0x00007ffc62aba000 	C:\Program Files\Microsoft\jdk-17.0.13.11-hotspot\bin\jimage.dll
0x00007ffc6dd40000 - 0x00007ffc6df81000 	C:\WINDOWS\SYSTEM32\DBGHELP.DLL
0x00007ffc71c10000 - 0x00007ffc71f8e000 	C:\WINDOWS\System32\combase.dll
0x00007ffc72b70000 - 0x00007ffc72c46000 	C:\WINDOWS\System32\OLEAUT32.dll
0x00007ffc5ea50000 - 0x00007ffc5ea89000 	C:\WINDOWS\SYSTEM32\dbgcore.DLL
0x00007ffc70ce0000 - 0x00007ffc70d79000 	C:\WINDOWS\System32\bcryptPrimitives.dll
0x00007ffc5a760000 - 0x00007ffc5a76e000 	C:\Program Files\Microsoft\jdk-17.0.13.11-hotspot\bin\instrument.dll
0x00007ffc34c40000 - 0x00007ffc34c65000 	C:\Program Files\Microsoft\jdk-17.0.13.11-hotspot\bin\java.dll
0x00007ffc348e0000 - 0x00007ffc349b7000 	C:\Program Files\Microsoft\jdk-17.0.13.11-hotspot\bin\jsvml.dll
0x00007ffc71040000 - 0x00007ffc71744000 	C:\WINDOWS\System32\SHELL32.dll
0x00007ffc6e020000 - 0x00007ffc6e857000 	C:\WINDOWS\SYSTEM32\windows.storage.dll
0x00007ffc72c50000 - 0x00007ffc72d39000 	C:\WINDOWS\System32\SHCORE.dll
0x00007ffc70d80000 - 0x00007ffc70ddd000 	C:\WINDOWS\System32\shlwapi.dll
0x00007ffc701f0000 - 0x00007ffc7021e000 	C:\WINDOWS\SYSTEM32\profapi.dll
0x00007ffc4ea10000 - 0x00007ffc4ea28000 	C:\Program Files\Microsoft\jdk-17.0.13.11-hotspot\bin\zip.dll
0x00007ffc34c20000 - 0x00007ffc34c3a000 	C:\Program Files\Microsoft\jdk-17.0.13.11-hotspot\bin\net.dll
0x00007ffc693e0000 - 0x00007ffc694fe000 	C:\WINDOWS\SYSTEM32\WINHTTP.dll
0x00007ffc6f620000 - 0x00007ffc6f688000 	C:\WINDOWS\system32\mswsock.dll
0x00007ffc33da0000 - 0x00007ffc33db6000 	C:\Program Files\Microsoft\jdk-17.0.13.11-hotspot\bin\nio.dll
0x00007ffc594e0000 - 0x00007ffc594f0000 	C:\Program Files\Microsoft\jdk-17.0.13.11-hotspot\bin\verify.dll
0x00007ffc36cf0000 - 0x00007ffc36d17000 	C:\Users\dell\.gradle\native\c067742578af261105cb4f569cf0c3c89f3d7b1fecec35dd04571415982c5e48\windows-amd64\native-platform.dll
0x00007ffc33dc0000 - 0x00007ffc33f04000 	C:\Users\dell\.gradle\native\100fb08df4bc3b14c8652ba06237920a3bd2aa13389f12d3474272988ae205f9\windows-amd64\native-platform-file-events.dll
0x00007ffc4b9d0000 - 0x00007ffc4b9da000 	C:\Program Files\Microsoft\jdk-17.0.13.11-hotspot\bin\management.dll
0x00007ffc4a850000 - 0x00007ffc4a85b000 	C:\Program Files\Microsoft\jdk-17.0.13.11-hotspot\bin\management_ext.dll
0x00007ffc72eb0000 - 0x00007ffc72eb8000 	C:\WINDOWS\System32\PSAPI.DLL
0x00007ffc6f8c0000 - 0x00007ffc6f8dc000 	C:\WINDOWS\SYSTEM32\CRYPTSP.dll
0x00007ffc6f070000 - 0x00007ffc6f0a8000 	C:\WINDOWS\system32\rsaenh.dll
0x00007ffc6f6c0000 - 0x00007ffc6f6eb000 	C:\WINDOWS\SYSTEM32\USERENV.dll
0x00007ffc6fb00000 - 0x00007ffc6fb26000 	C:\WINDOWS\SYSTEM32\bcrypt.dll
0x00007ffc6f8e0000 - 0x00007ffc6f8ec000 	C:\WINDOWS\SYSTEM32\CRYPTBASE.dll
0x00007ffc6eb50000 - 0x00007ffc6eb82000 	C:\WINDOWS\SYSTEM32\IPHLPAPI.DLL
0x00007ffc72930000 - 0x00007ffc7293a000 	C:\WINDOWS\System32\NSI.dll
0x00007ffc69180000 - 0x00007ffc6919f000 	C:\WINDOWS\SYSTEM32\dhcpcsvc6.DLL
0x00007ffc68ea0000 - 0x00007ffc68ec5000 	C:\WINDOWS\SYSTEM32\dhcpcsvc.DLL
0x00007ffc6ebe0000 - 0x00007ffc6ed05000 	C:\WINDOWS\SYSTEM32\DNSAPI.dll
0x00007ffc4a700000 - 0x00007ffc4a709000 	C:\Program Files\Microsoft\jdk-17.0.13.11-hotspot\bin\extnet.dll
0x00007ffc499f0000 - 0x00007ffc499fe000 	C:\Program Files\Microsoft\jdk-17.0.13.11-hotspot\bin\sunmscapi.dll
0x00007ffc70460000 - 0x00007ffc705d6000 	C:\WINDOWS\System32\CRYPT32.dll
0x00007ffc6fac0000 - 0x00007ffc6faf0000 	C:\WINDOWS\SYSTEM32\ncrypt.dll
0x00007ffc6fa70000 - 0x00007ffc6faaf000 	C:\WINDOWS\SYSTEM32\NTASN1.dll
0x00007ffc68860000 - 0x00007ffc68868000 	C:\WINDOWS\system32\wshunix.dll

dbghelp: loaded successfully - version: 4.0.5 - missing functions: none
symbol engine: initialized successfully - sym options: 0x614 - pdb path: .;C:\Program Files\Microsoft\jdk-17.0.13.11-hotspot\bin;C:\WINDOWS\SYSTEM32;C:\WINDOWS\WinSxS\amd64_microsoft.windows.common-controls_6595b64144ccf1df_6.0.26100.3037_none_3e09262ce333c378;C:\Program Files\Microsoft\jdk-17.0.13.11-hotspot\bin\server;C:\Users\dell\.gradle\native\c067742578af261105cb4f569cf0c3c89f3d7b1fecec35dd04571415982c5e48\windows-amd64;C:\Users\dell\.gradle\native\100fb08df4bc3b14c8652ba06237920a3bd2aa13389f12d3474272988ae205f9\windows-amd64

VM Arguments:
jvm_args: -XX:MaxMetaspaceSize=512m --add-opens=java.base/java.util=ALL-UNNAMED --add-opens=java.base/java.lang=ALL-UNNAMED --add-opens=java.base/java.lang.invoke=ALL-UNNAMED --add-opens=java.prefs/java.util.prefs=ALL-UNNAMED --add-exports=jdk.compiler/com.sun.tools.javac.api=ALL-UNNAMED --add-exports=jdk.compiler/com.sun.tools.javac.util=ALL-UNNAMED --add-opens=java.base/java.nio.charset=ALL-UNNAMED --add-opens=java.base/java.net=ALL-UNNAMED --add-opens=java.base/java.util.concurrent.atomic=ALL-UNNAMED -Xmx2048m -Dfile.encoding=windows-1252 -Duser.country=US -Duser.language=en -Duser.variant -javaagent:C:\Users\dell\.gradle\wrapper\dists\gradle-8.10.2-all\7iv73wktx1xtkvlq19urqw1wm\gradle-8.10.2\lib\agents\gradle-instrumentation-agent-8.10.2.jar 
java_command: org.gradle.launcher.daemon.bootstrap.GradleDaemon 8.10.2
java_class_path (initial): C:\Users\dell\.gradle\wrapper\dists\gradle-8.10.2-all\7iv73wktx1xtkvlq19urqw1wm\gradle-8.10.2\lib\gradle-daemon-main-8.10.2.jar
Launcher Type: SUN_STANDARD

[Global flags]
     intx CICompilerCount                          = 3                                         {product} {ergonomic}
   size_t CompressedClassSpaceSize                 = 436207616                                 {product} {ergonomic}
     uint ConcGCThreads                            = 1                                         {product} {ergonomic}
     uint G1ConcRefinementThreads                  = 4                                         {product} {ergonomic}
   size_t G1HeapRegionSize                         = 1048576                                   {product} {ergonomic}
    uintx GCDrainStackTargetSize                   = 64                                        {product} {ergonomic}
   size_t InitialHeapSize                          = 65011712                                  {product} {ergonomic}
   size_t MarkStackSize                            = 4194304                                   {product} {ergonomic}
   size_t MaxHeapSize                              = 2147483648                                {product} {command line}
   size_t MaxMetaspaceSize                         = 536870912                                 {product} {command line}
   size_t MaxNewSize                               = 1287651328                                {product} {ergonomic}
   size_t MinHeapDeltaBytes                        = 1048576                                   {product} {ergonomic}
   size_t MinHeapSize                              = 8388608                                   {product} {ergonomic}
    uintx NonNMethodCodeHeapSize                   = 5832780                                {pd product} {ergonomic}
    uintx NonProfiledCodeHeapSize                  = 122912730                              {pd product} {ergonomic}
    uintx ProfiledCodeHeapSize                     = 122912730                              {pd product} {ergonomic}
    uintx ReservedCodeCacheSize                    = 251658240                              {pd product} {ergonomic}
     bool SegmentedCodeCache                       = true                                      {product} {ergonomic}
   size_t SoftMaxHeapSize                          = 2147483648                             {manageable} {ergonomic}
     bool UseCompressedClassPointers               = true                           {product lp64_product} {ergonomic}
     bool UseCompressedOops                        = true                           {product lp64_product} {ergonomic}
     bool UseG1GC                                  = true                                      {product} {ergonomic}
     bool UseLargePagesIndividualAllocation        = false                                  {pd product} {ergonomic}

Logging:
Log output configuration:
 #0: stdout all=warning uptime,level,tags
 #1: stderr all=off uptime,level,tags

Environment Variables:
JAVA_HOME=C:\Program Files\Microsoft\jdk-17.0.13.11-hotspot\
CLASSPATH=F:\App\GitHub Explorer App\android\\gradle\wrapper\gradle-wrapper.jar
PATH=F:\App\GitHub Explorer App\node_modules\.bin;F:\App\GitHub Explorer App\node_modules\.bin;F:\App\node_modules\.bin;F:\node_modules\.bin;C:\Users\dell\AppData\Roaming\npm\node_modules\npm\node_modules\@npmcli\run-script\lib\node-gyp-bin;F:\App\GitHub Explorer App\node_modules\.bin;F:\App\node_modules\.bin;F:\node_modules\.bin;C:\Users\dell\AppData\Roaming\npm\node_modules\npm\node_modules\@npmcli\run-script\lib\node-gyp-bin;C:\Program Files\Microsoft\jdk-17.0.13.11-hotspot\bin;C:\Program Files\Python311\Scripts\;C:\Program Files\Python311\;C:\Program Files\Common Files\Oracle\Java\javapath;C:\Program Files\Python310\Scripts\;C:\Program Files\Python310\;C:\WINDOWS\system32;C:\WINDOWS;C:\WINDOWS\System32\Wbem;C:\WINDOWS\System32\WindowsPowerShell\v1.0\;C:\WINDOWS\System32\OpenSSH\;C:\Program Files\Git\cmd;C:\ProgramData\chocolatey\bin;C:\Program Files\nodejs\;C:\Users\dell\AppData\Local\Android\Sdk\platform-tools;C:\Users\dell\AppData\Local\Android\Sdk\tools;C:\Program Files\MySQL\MySQL Shell 8.0\bin\;C:\Program Files\Java\jdk-18.0.2.1\bin;C:\Users\dell\AppData\Local\Microsoft\WindowsApps;C:\Users\dell\AppData\Local\Programs\Microsoft VS Code\bin;C:\Users\dell\AppData\Local\GitHubDesktop\bin;C:\Program Files\heroku\bin;C:\Program Files (x86)\heroku\bin;C:\Users\dell\AppData\Roaming\npm;
USERNAME=dell
LANG=en_US.UTF-8
OS=Windows_NT
PROCESSOR_IDENTIFIER=Intel64 Family 6 Model 126 Stepping 5, GenuineIntel
TMP=C:\Users\dell\AppData\Local\Temp
TEMP=C:\Users\dell\AppData\Local\Temp



Periodic native trim disabled


---------------  S Y S T E M  ---------------

OS:
 Windows 11 , 64 bit Build 26100 (10.0.26100.3037)
OS uptime: 0 days 3:26 hours

CPU: total 4 (initial active 4) (2 cores per cpu, 2 threads per core) family 6 model 126 stepping 5 microcode 0xc2, cx8, cmov, fxsr, ht, mmx, 3dnowpref, sse, sse2, sse3, ssse3, sse4.1, sse4.2, popcnt, lzcnt, tsc, tscinvbit, avx, avx2, aes, erms, clmul, bmi1, bmi2, adx, avx512f, avx512dq, avx512cd, avx512bw, avx512vl, sha, fma, vzeroupper, avx512_vpopcntdq, avx512_vpclmulqdq, avx512_vaes, avx512_vnni, clflush, clflushopt, avx512_vbmi2, avx512_vbmi
Processor Information for the first 4 processors :
  Max Mhz: 1190, Current Mhz: 1190, Mhz Limit: 1190

Memory: 4k page, system-wide physical 3863M (621M free)
TotalPageFile size 15639M (AvailPageFile size 4M)
current process WorkingSet (physical memory assigned to process): 69M, peak: 182M
current process commit charge ("private bytes"): 537M, peak: 849M

vm_info: OpenJDK 64-Bit Server VM (17.0.13+11-LTS) for windows-amd64 JRE (17.0.13+11-LTS), built on Oct 11 2024 23:25:05 by "MicrosoftCorporation" with unknown MS VC++:1939

END.
